{"/home/travis/build/npmtest/node-npmtest-decompress-zip/test.js":{"path":"/home/travis/build/npmtest/node-npmtest-decompress-zip/test.js","s":{"1":2,"2":2,"3":2,"4":2,"5":2,"6":2,"7":2,"8":1,"9":2,"10":2,"11":1,"12":1,"13":1,"14":1,"15":2,"16":2,"17":2,"18":2,"19":1,"20":1,"21":2,"22":2,"23":2,"24":1,"25":1,"26":1,"27":1,"28":1,"29":1,"30":1,"31":1,"32":1,"33":1,"34":1,"35":1,"36":1,"37":1,"38":1,"39":2,"40":2,"41":1,"42":2,"43":2,"44":1,"45":2,"46":2,"47":1,"48":2,"49":2,"50":1,"51":1,"52":1,"53":1,"54":1},"b":{"1":[2,1,1,1],"2":[1,1,1,1],"3":[1,1],"4":[1,1],"5":[1,1],"6":[1,1],"7":[1,1],"8":[1,1],"9":[1,1],"10":[1,1,1],"11":[1,1],"12":[1,1],"13":[1,1],"14":[1,1],"15":[1,1],"16":[1,1],"17":[1,1]},"f":{"1":2,"2":2,"3":2,"4":2,"5":2,"6":1,"7":1,"8":1,"9":2,"10":2,"11":2,"12":2,"13":1},"fnMap":{"1":{"name":"(anonymous_1)","line":12,"loc":{"start":{"line":12,"column":1},"end":{"line":12,"column":13}}},"2":{"name":"(anonymous_2)","line":19,"loc":{"start":{"line":19,"column":5},"end":{"line":19,"column":17}}},"3":{"name":"(anonymous_3)","line":23,"loc":{"start":{"line":23,"column":24},"end":{"line":23,"column":36}}},"4":{"name":"(anonymous_4)","line":61,"loc":{"start":{"line":61,"column":5},"end":{"line":61,"column":17}}},"5":{"name":"(anonymous_5)","line":82,"loc":{"start":{"line":82,"column":5},"end":{"line":82,"column":17}}},"6":{"name":"(anonymous_6)","line":91,"loc":{"start":{"line":91,"column":77},"end":{"line":94,"column":10}}},"7":{"name":"(anonymous_7)","line":112,"loc":{"start":{"line":112,"column":83},"end":{"line":115,"column":10}},"skip":true},"8":{"name":"(anonymous_8)","line":123,"loc":{"start":{"line":123,"column":77},"end":{"line":126,"column":10}},"skip":true},"9":{"name":"(anonymous_9)","line":139,"loc":{"start":{"line":139,"column":12},"end":{"line":139,"column":40}},"skip":true},"10":{"name":"(anonymous_10)","line":147,"loc":{"start":{"line":147,"column":77},"end":{"line":150,"column":10}},"skip":true},"11":{"name":"(anonymous_11)","line":158,"loc":{"start":{"line":158,"column":83},"end":{"line":161,"column":10}},"skip":true},"12":{"name":"(anonymous_12)","line":169,"loc":{"start":{"line":169,"column":79},"end":{"line":172,"column":10}},"skip":true},"13":{"name":"(anonymous_13)","line":180,"loc":{"start":{"line":180,"column":75},"end":{"line":183,"column":10}},"skip":true}},"statementMap":{"1":{"start":{"line":12,"column":0},"end":{"line":195,"column":5}},"2":{"start":{"line":14,"column":4},"end":{"line":14,"column":14}},"3":{"start":{"line":19,"column":4},"end":{"line":56,"column":9}},"4":{"start":{"line":21,"column":8},"end":{"line":21,"column":19}},"5":{"start":{"line":23,"column":8},"end":{"line":35,"column":13}},"6":{"start":{"line":24,"column":12},"end":{"line":34,"column":13}},"7":{"start":{"line":25,"column":16},"end":{"line":28,"column":30}},"8":{"start":{"line":30,"column":16},"end":{"line":33,"column":27}},"9":{"start":{"line":37,"column":8},"end":{"line":39,"column":21}},"10":{"start":{"line":40,"column":8},"end":{"line":53,"column":9}},"11":{"start":{"line":43,"column":12},"end":{"line":46,"column":14}},"12":{"start":{"line":47,"column":12},"end":{"line":47,"column":18}},"13":{"start":{"line":50,"column":12},"end":{"line":51,"column":33}},"14":{"start":{"line":52,"column":12},"end":{"line":52,"column":18}},"15":{"start":{"line":55,"column":8},"end":{"line":55,"column":35}},"16":{"start":{"line":61,"column":4},"end":{"line":63,"column":9}},"17":{"start":{"line":62,"column":8},"end":{"line":62,"column":15}},"18":{"start":{"line":64,"column":4},"end":{"line":77,"column":5}},"19":{"start":{"line":70,"column":8},"end":{"line":70,"column":14}},"20":{"start":{"line":76,"column":8},"end":{"line":76,"column":14}},"21":{"start":{"line":82,"column":4},"end":{"line":84,"column":9}},"22":{"start":{"line":83,"column":8},"end":{"line":83,"column":15}},"23":{"start":{"line":85,"column":4},"end":{"line":194,"column":5}},"24":{"start":{"line":91,"column":8},"end":{"line":99,"column":10}},"25":{"start":{"line":98,"column":12},"end":{"line":98,"column":35}},"26":{"start":{"line":102,"column":8},"end":{"line":104,"column":63}},"27":{"start":{"line":105,"column":8},"end":{"line":105,"column":14}},"28":{"start":{"line":112,"column":8},"end":{"line":121,"column":10},"skip":true},"29":{"start":{"line":119,"column":12},"end":{"line":119,"column":55},"skip":true},"30":{"start":{"line":120,"column":12},"end":{"line":120,"column":48},"skip":true},"31":{"start":{"line":123,"column":8},"end":{"line":136,"column":10},"skip":true},"32":{"start":{"line":130,"column":12},"end":{"line":130,"column":76},"skip":true},"33":{"start":{"line":131,"column":12},"end":{"line":131,"column":73},"skip":true},"34":{"start":{"line":132,"column":12},"end":{"line":132,"column":74},"skip":true},"35":{"start":{"line":133,"column":12},"end":{"line":133,"column":79},"skip":true},"36":{"start":{"line":134,"column":12},"end":{"line":134,"column":25},"skip":true},"37":{"start":{"line":135,"column":12},"end":{"line":135,"column":45},"skip":true},"38":{"start":{"line":138,"column":8},"end":{"line":145,"column":14},"skip":true},"39":{"start":{"line":143,"column":16},"end":{"line":143,"column":29},"skip":true},"40":{"start":{"line":144,"column":16},"end":{"line":144,"column":55},"skip":true},"41":{"start":{"line":147,"column":8},"end":{"line":156,"column":10},"skip":true},"42":{"start":{"line":154,"column":12},"end":{"line":154,"column":25},"skip":true},"43":{"start":{"line":155,"column":12},"end":{"line":155,"column":45},"skip":true},"44":{"start":{"line":158,"column":8},"end":{"line":167,"column":10},"skip":true},"45":{"start":{"line":165,"column":12},"end":{"line":165,"column":25},"skip":true},"46":{"start":{"line":166,"column":12},"end":{"line":166,"column":48},"skip":true},"47":{"start":{"line":169,"column":8},"end":{"line":178,"column":10},"skip":true},"48":{"start":{"line":176,"column":12},"end":{"line":176,"column":25},"skip":true},"49":{"start":{"line":177,"column":12},"end":{"line":177,"column":46},"skip":true},"50":{"start":{"line":180,"column":8},"end":{"line":189,"column":10},"skip":true},"51":{"start":{"line":187,"column":12},"end":{"line":187,"column":94},"skip":true},"52":{"start":{"line":188,"column":12},"end":{"line":188,"column":48},"skip":true},"53":{"start":{"line":192,"column":8},"end":{"line":192,"column":35},"skip":true},"54":{"start":{"line":193,"column":8},"end":{"line":193,"column":14},"skip":true}},"branchMap":{"1":{"line":25,"type":"binary-expr","locations":[{"start":{"line":25,"column":23},"end":{"line":25,"column":62}},{"start":{"line":26,"column":20},"end":{"line":26,"column":70}},{"start":{"line":27,"column":20},"end":{"line":27,"column":71}},{"start":{"line":28,"column":20},"end":{"line":28,"column":29}}]},"2":{"line":30,"type":"binary-expr","locations":[{"start":{"line":30,"column":23},"end":{"line":30,"column":37}},{"start":{"line":31,"column":20},"end":{"line":31,"column":61}},{"start":{"line":32,"column":20},"end":{"line":32,"column":70}},{"start":{"line":33,"column":20},"end":{"line":33,"column":26}}]},"3":{"line":37,"type":"cond-expr","locations":[{"start":{"line":38,"column":14},"end":{"line":38,"column":20}},{"start":{"line":39,"column":14},"end":{"line":39,"column":20}}]},"4":{"line":40,"type":"switch","locations":[{"start":{"line":42,"column":8},"end":{"line":47,"column":18}},{"start":{"line":49,"column":8},"end":{"line":52,"column":18}}]},"5":{"line":44,"type":"binary-expr","locations":[{"start":{"line":44,"column":16},"end":{"line":44,"column":44}},{"start":{"line":44,"column":48},"end":{"line":44,"column":66}}]},"6":{"line":50,"type":"binary-expr","locations":[{"start":{"line":50,"column":21},"end":{"line":50,"column":49}},{"start":{"line":50,"column":53},"end":{"line":50,"column":72}}]},"7":{"line":64,"type":"switch","locations":[{"start":{"line":69,"column":4},"end":{"line":70,"column":14}},{"start":{"line":75,"column":4},"end":{"line":76,"column":14}}]},"8":{"line":85,"type":"switch","locations":[{"start":{"line":90,"column":4},"end":{"line":105,"column":14}},{"start":{"line":111,"column":4},"end":{"line":193,"column":14},"skip":true}]},"9":{"line":91,"type":"binary-expr","locations":[{"start":{"line":91,"column":42},"end":{"line":91,"column":73}},{"start":{"line":91,"column":77},"end":{"line":99,"column":9}}]},"10":{"line":102,"type":"binary-expr","locations":[{"start":{"line":102,"column":18},"end":{"line":102,"column":32}},{"start":{"line":103,"column":12},"end":{"line":103,"column":53}},{"start":{"line":104,"column":12},"end":{"line":104,"column":61}}]},"11":{"line":112,"type":"binary-expr","locations":[{"start":{"line":112,"column":45},"end":{"line":112,"column":79},"skip":true},{"start":{"line":112,"column":83},"end":{"line":121,"column":9},"skip":true}]},"12":{"line":123,"type":"binary-expr","locations":[{"start":{"line":123,"column":42},"end":{"line":123,"column":73},"skip":true},{"start":{"line":123,"column":77},"end":{"line":136,"column":9},"skip":true}]},"13":{"line":138,"type":"binary-expr","locations":[{"start":{"line":138,"column":48},"end":{"line":138,"column":85},"skip":true},{"start":{"line":139,"column":12},"end":{"line":145,"column":13},"skip":true}]},"14":{"line":147,"type":"binary-expr","locations":[{"start":{"line":147,"column":42},"end":{"line":147,"column":73},"skip":true},{"start":{"line":147,"column":77},"end":{"line":156,"column":9},"skip":true}]},"15":{"line":158,"type":"binary-expr","locations":[{"start":{"line":158,"column":45},"end":{"line":158,"column":79},"skip":true},{"start":{"line":158,"column":83},"end":{"line":167,"column":9},"skip":true}]},"16":{"line":169,"type":"binary-expr","locations":[{"start":{"line":169,"column":43},"end":{"line":169,"column":75},"skip":true},{"start":{"line":169,"column":79},"end":{"line":178,"column":9},"skip":true}]},"17":{"line":180,"type":"binary-expr","locations":[{"start":{"line":180,"column":41},"end":{"line":180,"column":71},"skip":true},{"start":{"line":180,"column":75},"end":{"line":189,"column":9},"skip":true}]}},"code":["/* istanbul instrument in package npmtest_decompress_zip */","/*jslint","    bitwise: true,","    browser: true,","    maxerr: 8,","    maxlen: 96,","    node: true,","    nomen: true,","    regexp: true,","    stupid: true","*/","(function () {","    'use strict';","    var local;","","","","    // run shared js-env code - pre-init","    (function () {","        // init local","        local = {};","        // init modeJs","        local.modeJs = (function () {","            try {","                return typeof navigator.userAgent === 'string' &&","                    typeof document.querySelector('body') === 'object' &&","                    typeof XMLHttpRequest.prototype.open === 'function' &&","                    'browser';","            } catch (errorCaughtBrowser) {","                return module.exports &&","                    typeof process.versions.node === 'string' &&","                    typeof require('http').createServer === 'function' &&","                    'node';","            }","        }());","        // init global","        local.global = local.modeJs === 'browser'","            ? window","            : global;","        switch (local.modeJs) {","        // re-init local from window.local","        case 'browser':","            local = local.global.utility2.objectSetDefault(","                local.global.utility2_rollup || local.global.local,","                local.global.utility2","            );","            break;","        // re-init local from example.js","        case 'node':","            local = (local.global.utility2_rollup || require('utility2'))","                .requireReadme();","            break;","        }","        // export local","        local.global.local = local;","    }());","","","","    // run shared js-env code - function","    (function () {","        return;","    }());","    switch (local.modeJs) {","","","","    // run browser js-env code - function","    case 'browser':","        break;","","","","    // run node js-env code - function","    case 'node':","        break;","    }","","","","    // run shared js-env code - post-init","    (function () {","        return;","    }());","    switch (local.modeJs) {","","","","    // run browser js-env code - post-init","    case 'browser':","        local.testCase_browser_nullCase = local.testCase_browser_nullCase || function (","            options,","            onError","        ) {","        /*","         * this function will test browsers's null-case handling-behavior-behavior","         */","            onError(null, options);","        };","","        // run tests","        local.nop(local.modeTest &&","            document.querySelector('#testRunButton1') &&","            document.querySelector('#testRunButton1').click());","        break;","","","","    // run node js-env code - post-init","    /* istanbul ignore next */","    case 'node':","        local.testCase_buildApidoc_default = local.testCase_buildApidoc_default || function (","            options,","            onError","        ) {","        /*","         * this function will test buildApidoc's default handling-behavior-behavior","         */","            options = { modulePathList: module.paths };","            local.buildApidoc(options, onError);","        };","","        local.testCase_buildApp_default = local.testCase_buildApp_default || function (","            options,","            onError","        ) {","        /*","         * this function will test buildApp's default handling-behavior-behavior","         */","            local.testCase_buildReadme_default(options, local.onErrorThrow);","            local.testCase_buildLib_default(options, local.onErrorThrow);","            local.testCase_buildTest_default(options, local.onErrorThrow);","            local.testCase_buildCustomOrg_default(options, local.onErrorThrow);","            options = [];","            local.buildApp(options, onError);","        };","","        local.testCase_buildCustomOrg_default = local.testCase_buildCustomOrg_default ||","            function (options, onError) {","            /*","             * this function will test buildCustomOrg's default handling-behavior","             */","                options = {};","                local.buildCustomOrg(options, onError);","            };","","        local.testCase_buildLib_default = local.testCase_buildLib_default || function (","            options,","            onError","        ) {","        /*","         * this function will test buildLib's default handling-behavior","         */","            options = {};","            local.buildLib(options, onError);","        };","","        local.testCase_buildReadme_default = local.testCase_buildReadme_default || function (","            options,","            onError","        ) {","        /*","         * this function will test buildReadme's default handling-behavior-behavior","         */","            options = {};","            local.buildReadme(options, onError);","        };","","        local.testCase_buildTest_default = local.testCase_buildTest_default || function (","            options,","            onError","        ) {","        /*","         * this function will test buildTest's default handling-behavior","         */","            options = {};","            local.buildTest(options, onError);","        };","","        local.testCase_webpage_default = local.testCase_webpage_default || function (","            options,","            onError","        ) {","        /*","         * this function will test webpage's default handling-behavior","         */","            options = { modeCoverageMerge: true, url: local.serverLocalHost + '?modeTest=1' };","            local.browserTest(options, onError);","        };","","        // run test-server","        local.testRunServer(local);","        break;","    }","}());",""],"l":{"12":2,"14":2,"19":2,"21":2,"23":2,"24":2,"25":2,"30":1,"37":2,"40":2,"43":1,"47":1,"50":1,"52":1,"55":2,"61":2,"62":2,"64":2,"70":1,"76":1,"82":2,"83":2,"85":2,"91":1,"98":1,"102":1,"105":1,"112":1,"119":1,"120":1,"123":1,"130":1,"131":1,"132":1,"133":1,"134":1,"135":1,"138":1,"143":2,"144":2,"147":1,"154":2,"155":2,"158":1,"165":2,"166":2,"169":1,"176":2,"177":2,"180":1,"187":1,"188":1,"192":1,"193":1}},"/home/travis/build/npmtest/node-npmtest-decompress-zip/lib.npmtest_decompress_zip.js":{"path":"/home/travis/build/npmtest/node-npmtest-decompress-zip/lib.npmtest_decompress_zip.js","s":{"1":2,"2":2,"3":2,"4":2,"5":2,"6":2,"7":2,"8":1,"9":2,"10":2,"11":2,"12":2,"13":1,"14":1,"15":1,"16":1},"b":{"1":[2,1,1,1],"2":[1,1,1,1],"3":[1,1],"4":[2,2],"5":[1,1]},"f":{"1":2,"2":2,"3":2},"fnMap":{"1":{"name":"(anonymous_1)","line":12,"loc":{"start":{"line":12,"column":1},"end":{"line":12,"column":13}}},"2":{"name":"(anonymous_2)","line":19,"loc":{"start":{"line":19,"column":5},"end":{"line":19,"column":17}}},"3":{"name":"(anonymous_3)","line":23,"loc":{"start":{"line":23,"column":24},"end":{"line":23,"column":36}}}},"statementMap":{"1":{"start":{"line":12,"column":0},"end":{"line":53,"column":5}},"2":{"start":{"line":14,"column":4},"end":{"line":14,"column":14}},"3":{"start":{"line":19,"column":4},"end":{"line":52,"column":9}},"4":{"start":{"line":21,"column":8},"end":{"line":21,"column":19}},"5":{"start":{"line":23,"column":8},"end":{"line":35,"column":13}},"6":{"start":{"line":24,"column":12},"end":{"line":34,"column":13}},"7":{"start":{"line":25,"column":16},"end":{"line":28,"column":30}},"8":{"start":{"line":30,"column":16},"end":{"line":33,"column":27}},"9":{"start":{"line":37,"column":8},"end":{"line":39,"column":21}},"10":{"start":{"line":41,"column":8},"end":{"line":41,"column":54}},"11":{"start":{"line":43,"column":8},"end":{"line":43,"column":59}},"12":{"start":{"line":45,"column":8},"end":{"line":51,"column":9}},"13":{"start":{"line":46,"column":12},"end":{"line":46,"column":65}},"14":{"start":{"line":48,"column":12},"end":{"line":48,"column":35}},"15":{"start":{"line":49,"column":12},"end":{"line":49,"column":49}},"16":{"start":{"line":50,"column":12},"end":{"line":50,"column":43}}},"branchMap":{"1":{"line":25,"type":"binary-expr","locations":[{"start":{"line":25,"column":23},"end":{"line":25,"column":62}},{"start":{"line":26,"column":20},"end":{"line":26,"column":70}},{"start":{"line":27,"column":20},"end":{"line":27,"column":71}},{"start":{"line":28,"column":20},"end":{"line":28,"column":29}}]},"2":{"line":30,"type":"binary-expr","locations":[{"start":{"line":30,"column":23},"end":{"line":30,"column":37}},{"start":{"line":31,"column":20},"end":{"line":31,"column":61}},{"start":{"line":32,"column":20},"end":{"line":32,"column":70}},{"start":{"line":33,"column":20},"end":{"line":33,"column":26}}]},"3":{"line":37,"type":"cond-expr","locations":[{"start":{"line":38,"column":14},"end":{"line":38,"column":20}},{"start":{"line":39,"column":14},"end":{"line":39,"column":20}}]},"4":{"line":41,"type":"binary-expr","locations":[{"start":{"line":41,"column":16},"end":{"line":41,"column":44}},{"start":{"line":41,"column":48},"end":{"line":41,"column":53}}]},"5":{"line":45,"type":"if","locations":[{"start":{"line":45,"column":8},"end":{"line":45,"column":8}},{"start":{"line":45,"column":8},"end":{"line":45,"column":8}}]}},"code":["/* istanbul instrument in package npmtest_decompress_zip */","/*jslint","    bitwise: true,","    browser: true,","    maxerr: 8,","    maxlen: 96,","    node: true,","    nomen: true,","    regexp: true,","    stupid: true","*/","(function () {","    'use strict';","    var local;","","","","    // run shared js-env code - pre-init","    (function () {","        // init local","        local = {};","        // init modeJs","        local.modeJs = (function () {","            try {","                return typeof navigator.userAgent === 'string' &&","                    typeof document.querySelector('body') === 'object' &&","                    typeof XMLHttpRequest.prototype.open === 'function' &&","                    'browser';","            } catch (errorCaughtBrowser) {","                return module.exports &&","                    typeof process.versions.node === 'string' &&","                    typeof require('http').createServer === 'function' &&","                    'node';","            }","        }());","        // init global","        local.global = local.modeJs === 'browser'","            ? window","            : global;","        // init utility2_rollup","        local = local.global.utility2_rollup || local;","        // init lib","        local.local = local.npmtest_decompress_zip = local;","        // init exports","        if (local.modeJs === 'browser') {","            local.global.utility2_npmtest_decompress_zip = local;","        } else {","            module.exports = local;","            module.exports.__dirname = __dirname;","            module.exports.module = module;","        }","    }());","}());",""],"l":{"12":2,"14":2,"19":2,"21":2,"23":2,"24":2,"25":2,"30":1,"37":2,"41":2,"43":2,"45":2,"46":1,"48":1,"49":1,"50":1}},"/home/travis/build/npmtest/node-npmtest-decompress-zip/example.js":{"path":"/home/travis/build/npmtest/node-npmtest-decompress-zip/example.js","s":{"1":2,"2":2,"3":2,"4":2,"5":2,"6":2,"7":2,"8":1,"9":2,"10":2,"11":2,"12":2,"13":1,"14":2,"15":2,"16":2,"17":2,"18":2,"19":0,"20":2,"21":1,"22":1,"23":1,"24":1,"25":1,"26":0,"27":0,"28":1,"29":1,"30":2,"31":0,"32":0,"33":0,"34":1,"35":2,"36":2,"37":3,"38":3,"39":3,"40":3,"41":0,"42":3,"43":3,"44":3,"45":1,"46":3,"47":1,"48":1,"49":1,"50":1,"51":1,"52":1,"53":1,"54":1,"55":1,"56":1,"57":0,"58":1,"59":6,"60":6,"61":1,"62":2,"63":0,"64":2,"65":1,"66":1,"67":0,"68":0,"69":0,"70":0,"71":0,"72":0,"73":0,"74":0,"75":0,"76":0,"77":0,"78":0,"79":0,"80":0,"81":0,"82":0,"83":0},"b":{"1":[2,1,1,1],"2":[1,1,1,1],"3":[1,1],"4":[2,2],"5":[1,1],"6":[1,1],"7":[2,0],"8":[2,1,1,1,1,1],"9":[0,2,0],"10":[1,1],"11":[2,1,1],"12":[1,0],"13":[0,2],"14":[2,0,0,0,0,0,0],"15":[0,3],"16":[3,0],"17":[1,1],"18":[0,1],"19":[1,2,0,2],"20":[1,0],"21":[1,1],"22":[0,0],"23":[0,0],"24":[0,0],"25":[0,0],"26":[0,0],"27":[0,0],"28":[0,0]},"f":{"1":2,"2":2,"3":2,"4":2,"5":2,"6":2,"7":3,"8":3,"9":3,"10":1,"11":6,"12":0},"fnMap":{"1":{"name":"(anonymous_1)","line":26,"loc":{"start":{"line":26,"column":1},"end":{"line":26,"column":13}}},"2":{"name":"(anonymous_2)","line":33,"loc":{"start":{"line":33,"column":5},"end":{"line":33,"column":17}}},"3":{"name":"(anonymous_3)","line":37,"loc":{"start":{"line":37,"column":24},"end":{"line":37,"column":36}}},"4":{"name":"(anonymous_4)","line":69,"loc":{"start":{"line":69,"column":31},"end":{"line":69,"column":48}},"skip":true},"5":{"name":"(anonymous_5)","line":78,"loc":{"start":{"line":78,"column":26},"end":{"line":78,"column":45}},"skip":true},"6":{"name":"(anonymous_6)","line":123,"loc":{"start":{"line":123,"column":33},"end":{"line":123,"column":48}},"skip":true},"7":{"name":"(anonymous_7)","line":125,"loc":{"start":{"line":125,"column":27},"end":{"line":125,"column":39}},"skip":true},"8":{"name":"(anonymous_8)","line":133,"loc":{"start":{"line":133,"column":59},"end":{"line":133,"column":74}},"skip":true},"9":{"name":"(anonymous_9)","line":143,"loc":{"start":{"line":143,"column":45},"end":{"line":143,"column":62}},"skip":true},"10":{"name":"(anonymous_10)","line":144,"loc":{"start":{"line":144,"column":73},"end":{"line":144,"column":92}},"skip":true},"11":{"name":"(anonymous_11)","line":272,"loc":{"start":{"line":272,"column":51},"end":{"line":272,"column":77}},"skip":true},"12":{"name":"(anonymous_12)","line":315,"loc":{"start":{"line":315,"column":32},"end":{"line":315,"column":61}},"skip":true}},"statementMap":{"1":{"start":{"line":26,"column":0},"end":{"line":326,"column":5}},"2":{"start":{"line":28,"column":4},"end":{"line":28,"column":14}},"3":{"start":{"line":33,"column":4},"end":{"line":60,"column":9}},"4":{"start":{"line":35,"column":8},"end":{"line":35,"column":19}},"5":{"start":{"line":37,"column":8},"end":{"line":49,"column":13}},"6":{"start":{"line":38,"column":12},"end":{"line":48,"column":13}},"7":{"start":{"line":39,"column":16},"end":{"line":42,"column":30}},"8":{"start":{"line":44,"column":16},"end":{"line":47,"column":27}},"9":{"start":{"line":51,"column":8},"end":{"line":53,"column":21}},"10":{"start":{"line":55,"column":8},"end":{"line":57,"column":45}},"11":{"start":{"line":59,"column":8},"end":{"line":59,"column":35}},"12":{"start":{"line":61,"column":4},"end":{"line":325,"column":5}},"13":{"start":{"line":69,"column":8},"end":{"line":121,"column":10},"skip":true},"14":{"start":{"line":70,"column":12},"end":{"line":88,"column":13},"skip":true},"15":{"start":{"line":76,"column":16},"end":{"line":87,"column":19},"skip":true},"16":{"start":{"line":79,"column":20},"end":{"line":86,"column":21},"skip":true},"17":{"start":{"line":82,"column":24},"end":{"line":82,"column":43},"skip":true},"18":{"start":{"line":83,"column":24},"end":{"line":83,"column":30},"skip":true},"19":{"start":{"line":85,"column":24},"end":{"line":85,"column":49},"skip":true},"20":{"start":{"line":89,"column":12},"end":{"line":107,"column":13},"skip":true},"21":{"start":{"line":92,"column":16},"end":{"line":102,"column":17},"skip":true},"22":{"start":{"line":93,"column":20},"end":{"line":93,"column":86},"skip":true},"23":{"start":{"line":94,"column":20},"end":{"line":95,"column":45},"skip":true},"24":{"start":{"line":96,"column":20},"end":{"line":96,"column":42},"skip":true},"25":{"start":{"line":97,"column":20},"end":{"line":97,"column":48},"skip":true},"26":{"start":{"line":100,"column":20},"end":{"line":100,"column":85},"skip":true},"27":{"start":{"line":101,"column":20},"end":{"line":101,"column":96},"skip":true},"28":{"start":{"line":103,"column":16},"end":{"line":103,"column":22},"skip":true},"29":{"start":{"line":106,"column":16},"end":{"line":106,"column":22},"skip":true},"30":{"start":{"line":108,"column":12},"end":{"line":120,"column":13},"skip":true},"31":{"start":{"line":114,"column":16},"end":{"line":119,"column":17},"skip":true},"32":{"start":{"line":116,"column":20},"end":{"line":116,"column":78},"skip":true},"33":{"start":{"line":118,"column":20},"end":{"line":118,"column":47},"skip":true},"34":{"start":{"line":123,"column":8},"end":{"line":141,"column":11},"skip":true},"35":{"start":{"line":124,"column":12},"end":{"line":124,"column":54},"skip":true},"36":{"start":{"line":125,"column":12},"end":{"line":140,"column":14},"skip":true},"37":{"start":{"line":126,"column":16},"end":{"line":126,"column":28},"skip":true},"38":{"start":{"line":127,"column":16},"end":{"line":127,"column":69},"skip":true},"39":{"start":{"line":128,"column":16},"end":{"line":128,"column":75},"skip":true},"40":{"start":{"line":129,"column":16},"end":{"line":131,"column":17},"skip":true},"41":{"start":{"line":130,"column":20},"end":{"line":130,"column":27},"skip":true},"42":{"start":{"line":133,"column":16},"end":{"line":137,"column":36},"skip":true},"43":{"start":{"line":134,"column":20},"end":{"line":136,"column":55},"skip":true},"44":{"start":{"line":139,"column":16},"end":{"line":139,"column":57},"skip":true},"45":{"start":{"line":143,"column":8},"end":{"line":147,"column":11},"skip":true},"46":{"start":{"line":144,"column":12},"end":{"line":146,"column":15},"skip":true},"47":{"start":{"line":145,"column":16},"end":{"line":145,"column":70},"skip":true},"48":{"start":{"line":149,"column":8},"end":{"line":149,"column":31},"skip":true},"49":{"start":{"line":150,"column":8},"end":{"line":150,"column":14},"skip":true},"50":{"start":{"line":158,"column":8},"end":{"line":158,"column":31},"skip":true},"51":{"start":{"line":160,"column":8},"end":{"line":160,"column":33},"skip":true},"52":{"start":{"line":161,"column":8},"end":{"line":161,"column":37},"skip":true},"53":{"start":{"line":162,"column":8},"end":{"line":162,"column":35},"skip":true},"54":{"start":{"line":164,"column":8},"end":{"line":164,"column":50},"skip":true},"55":{"start":{"line":166,"column":8},"end":{"line":256,"column":2},"skip":true},"56":{"start":{"line":258,"column":8},"end":{"line":286,"column":9},"skip":true},"57":{"start":{"line":259,"column":12},"end":{"line":269,"column":14},"skip":true},"58":{"start":{"line":271,"column":12},"end":{"line":285,"column":19},"skip":true},"59":{"start":{"line":274,"column":20},"end":{"line":274,"column":35},"skip":true},"60":{"start":{"line":275,"column":20},"end":{"line":284,"column":21},"skip":true},"61":{"start":{"line":277,"column":24},"end":{"line":277,"column":64},"skip":true},"62":{"start":{"line":279,"column":24},"end":{"line":279,"column":40},"skip":true},"63":{"start":{"line":281,"column":24},"end":{"line":281,"column":40},"skip":true},"64":{"start":{"line":283,"column":24},"end":{"line":283,"column":39},"skip":true},"65":{"start":{"line":288,"column":8},"end":{"line":290,"column":9},"skip":true},"66":{"start":{"line":289,"column":12},"end":{"line":289,"column":18},"skip":true},"67":{"start":{"line":291,"column":8},"end":{"line":293,"column":54},"skip":true},"68":{"start":{"line":296,"column":8},"end":{"line":301,"column":37},"skip":true},"69":{"start":{"line":303,"column":8},"end":{"line":303,"column":82},"skip":true},"70":{"start":{"line":306,"column":8},"end":{"line":308,"column":9},"skip":true},"71":{"start":{"line":307,"column":12},"end":{"line":307,"column":82},"skip":true},"72":{"start":{"line":310,"column":8},"end":{"line":312,"column":9},"skip":true},"73":{"start":{"line":311,"column":12},"end":{"line":311,"column":18},"skip":true},"74":{"start":{"line":313,"column":8},"end":{"line":313,"column":54},"skip":true},"75":{"start":{"line":314,"column":8},"end":{"line":314,"column":69},"skip":true},"76":{"start":{"line":315,"column":8},"end":{"line":323,"column":36},"skip":true},"77":{"start":{"line":316,"column":12},"end":{"line":316,"column":61},"skip":true},"78":{"start":{"line":317,"column":12},"end":{"line":320,"column":13},"skip":true},"79":{"start":{"line":318,"column":16},"end":{"line":318,"column":75},"skip":true},"80":{"start":{"line":319,"column":16},"end":{"line":319,"column":23},"skip":true},"81":{"start":{"line":321,"column":12},"end":{"line":321,"column":38},"skip":true},"82":{"start":{"line":322,"column":12},"end":{"line":322,"column":27},"skip":true},"83":{"start":{"line":324,"column":8},"end":{"line":324,"column":14},"skip":true}},"branchMap":{"1":{"line":39,"type":"binary-expr","locations":[{"start":{"line":39,"column":23},"end":{"line":39,"column":62}},{"start":{"line":40,"column":20},"end":{"line":40,"column":70}},{"start":{"line":41,"column":20},"end":{"line":41,"column":71}},{"start":{"line":42,"column":20},"end":{"line":42,"column":29}}]},"2":{"line":44,"type":"binary-expr","locations":[{"start":{"line":44,"column":23},"end":{"line":44,"column":37}},{"start":{"line":45,"column":20},"end":{"line":45,"column":61}},{"start":{"line":46,"column":20},"end":{"line":46,"column":70}},{"start":{"line":47,"column":20},"end":{"line":47,"column":26}}]},"3":{"line":51,"type":"cond-expr","locations":[{"start":{"line":52,"column":14},"end":{"line":52,"column":20}},{"start":{"line":53,"column":14},"end":{"line":53,"column":20}}]},"4":{"line":55,"type":"binary-expr","locations":[{"start":{"line":55,"column":16},"end":{"line":55,"column":44}},{"start":{"line":55,"column":49},"end":{"line":57,"column":43}}]},"5":{"line":55,"type":"cond-expr","locations":[{"start":{"line":56,"column":14},"end":{"line":56,"column":58}},{"start":{"line":57,"column":14},"end":{"line":57,"column":43}}]},"6":{"line":61,"type":"switch","locations":[{"start":{"line":68,"column":4},"end":{"line":150,"column":14},"skip":true},{"start":{"line":156,"column":4},"end":{"line":324,"column":14},"skip":true}]},"7":{"line":70,"type":"if","locations":[{"start":{"line":70,"column":12},"end":{"line":70,"column":12},"skip":true},{"start":{"line":70,"column":12},"end":{"line":70,"column":12},"skip":true}]},"8":{"line":70,"type":"binary-expr","locations":[{"start":{"line":70,"column":16},"end":{"line":70,"column":22},"skip":true},{"start":{"line":70,"column":27},"end":{"line":70,"column":32},"skip":true},{"start":{"line":71,"column":20},"end":{"line":71,"column":39},"skip":true},{"start":{"line":72,"column":20},"end":{"line":72,"column":49},"skip":true},{"start":{"line":73,"column":20},"end":{"line":73,"column":58},"skip":true},{"start":{"line":74,"column":20},"end":{"line":74,"column":69},"skip":true}]},"9":{"line":79,"type":"switch","locations":[{"start":{"line":80,"column":20},"end":{"line":80,"column":33},"skip":true},{"start":{"line":81,"column":20},"end":{"line":83,"column":30},"skip":true},{"start":{"line":84,"column":20},"end":{"line":85,"column":49},"skip":true}]},"10":{"line":89,"type":"switch","locations":[{"start":{"line":90,"column":12},"end":{"line":103,"column":22},"skip":true},{"start":{"line":105,"column":12},"end":{"line":106,"column":22},"skip":true}]},"11":{"line":89,"type":"binary-expr","locations":[{"start":{"line":89,"column":20},"end":{"line":89,"column":25},"skip":true},{"start":{"line":89,"column":29},"end":{"line":89,"column":48},"skip":true},{"start":{"line":89,"column":52},"end":{"line":89,"column":74},"skip":true}]},"12":{"line":92,"type":"if","locations":[{"start":{"line":92,"column":16},"end":{"line":92,"column":16},"skip":true},{"start":{"line":92,"column":16},"end":{"line":92,"column":16},"skip":true}]},"13":{"line":108,"type":"if","locations":[{"start":{"line":108,"column":12},"end":{"line":108,"column":12},"skip":true},{"start":{"line":108,"column":12},"end":{"line":108,"column":12},"skip":true}]},"14":{"line":108,"type":"binary-expr","locations":[{"start":{"line":108,"column":16},"end":{"line":108,"column":61},"skip":true},{"start":{"line":108,"column":66},"end":{"line":108,"column":72},"skip":true},{"start":{"line":108,"column":77},"end":{"line":108,"column":82},"skip":true},{"start":{"line":109,"column":20},"end":{"line":109,"column":39},"skip":true},{"start":{"line":110,"column":20},"end":{"line":110,"column":49},"skip":true},{"start":{"line":111,"column":20},"end":{"line":111,"column":58},"skip":true},{"start":{"line":112,"column":20},"end":{"line":112,"column":68},"skip":true}]},"15":{"line":129,"type":"if","locations":[{"start":{"line":129,"column":16},"end":{"line":129,"column":16},"skip":true},{"start":{"line":129,"column":16},"end":{"line":129,"column":16},"skip":true}]},"16":{"line":134,"type":"cond-expr","locations":[{"start":{"line":135,"column":26},"end":{"line":135,"column":29},"skip":true},{"start":{"line":136,"column":26},"end":{"line":136,"column":54},"skip":true}]},"17":{"line":164,"type":"binary-expr","locations":[{"start":{"line":164,"column":27},"end":{"line":164,"column":43},"skip":true},{"start":{"line":164,"column":47},"end":{"line":164,"column":49},"skip":true}]},"18":{"line":258,"type":"if","locations":[{"start":{"line":258,"column":8},"end":{"line":258,"column":8},"skip":true},{"start":{"line":258,"column":8},"end":{"line":258,"column":8},"skip":true}]},"19":{"line":275,"type":"switch","locations":[{"start":{"line":276,"column":20},"end":{"line":277,"column":64},"skip":true},{"start":{"line":278,"column":20},"end":{"line":279,"column":40},"skip":true},{"start":{"line":280,"column":20},"end":{"line":281,"column":40},"skip":true},{"start":{"line":282,"column":20},"end":{"line":283,"column":39},"skip":true}]},"20":{"line":288,"type":"if","locations":[{"start":{"line":288,"column":8},"end":{"line":288,"column":8},"skip":true},{"start":{"line":288,"column":8},"end":{"line":288,"column":8},"skip":true}]},"21":{"line":288,"type":"binary-expr","locations":[{"start":{"line":288,"column":12},"end":{"line":288,"column":40},"skip":true},{"start":{"line":288,"column":44},"end":{"line":288,"column":67},"skip":true}]},"22":{"line":292,"type":"binary-expr","locations":[{"start":{"line":292,"column":12},"end":{"line":292,"column":50},"skip":true},{"start":{"line":293,"column":12},"end":{"line":293,"column":53},"skip":true}]},"23":{"line":297,"type":"binary-expr","locations":[{"start":{"line":297,"column":12},"end":{"line":297,"column":72},"skip":true},{"start":{"line":298,"column":12},"end":{"line":301,"column":36},"skip":true}]},"24":{"line":303,"type":"binary-expr","locations":[{"start":{"line":303,"column":43},"end":{"line":303,"column":75},"skip":true},{"start":{"line":303,"column":79},"end":{"line":303,"column":81},"skip":true}]},"25":{"line":306,"type":"if","locations":[{"start":{"line":306,"column":8},"end":{"line":306,"column":8},"skip":true},{"start":{"line":306,"column":8},"end":{"line":306,"column":8},"skip":true}]},"26":{"line":310,"type":"if","locations":[{"start":{"line":310,"column":8},"end":{"line":310,"column":8},"skip":true},{"start":{"line":310,"column":8},"end":{"line":310,"column":8},"skip":true}]},"27":{"line":313,"type":"binary-expr","locations":[{"start":{"line":313,"column":27},"end":{"line":313,"column":43},"skip":true},{"start":{"line":313,"column":47},"end":{"line":313,"column":53},"skip":true}]},"28":{"line":317,"type":"if","locations":[{"start":{"line":317,"column":12},"end":{"line":317,"column":12},"skip":true},{"start":{"line":317,"column":12},"end":{"line":317,"column":12},"skip":true}]}},"code":["/*","example.js","","quickstart example","","instruction","    1. save this script as example.js","    2. run the shell command:","        $ npm install npmtest-decompress-zip && PORT=8081 node example.js","    3. play with the browser-demo on http://127.0.0.1:8081","*/","","","","/* istanbul instrument in package npmtest_decompress_zip */","/*jslint","    bitwise: true,","    browser: true,","    maxerr: 8,","    maxlen: 96,","    node: true,","    nomen: true,","    regexp: true,","    stupid: true","*/","(function () {","    'use strict';","    var local;","","","","    // run shared js-env code - pre-init","    (function () {","        // init local","        local = {};","        // init modeJs","        local.modeJs = (function () {","            try {","                return typeof navigator.userAgent === 'string' &&","                    typeof document.querySelector('body') === 'object' &&","                    typeof XMLHttpRequest.prototype.open === 'function' &&","                    'browser';","            } catch (errorCaughtBrowser) {","                return module.exports &&","                    typeof process.versions.node === 'string' &&","                    typeof require('http').createServer === 'function' &&","                    'node';","            }","        }());","        // init global","        local.global = local.modeJs === 'browser'","            ? window","            : global;","        // init utility2_rollup","        local = local.global.utility2_rollup || (local.modeJs === 'browser'","            ? local.global.utility2_npmtest_decompress_zip","            : global.utility2_moduleExports);","        // export local","        local.global.local = local;","    }());","    switch (local.modeJs) {","","","","    // post-init","    // run browser js-env code - post-init","    /* istanbul ignore next */","    case 'browser':","        local.testRunBrowser = function (event) {","            if (!event || (event &&","                    event.currentTarget &&","                    event.currentTarget.className &&","                    event.currentTarget.className.includes &&","                    event.currentTarget.className.includes('onreset'))) {","                // reset output","                Array.from(","                    document.querySelectorAll('body > .resettable')","                ).forEach(function (element) {","                    switch (element.tagName) {","                    case 'INPUT':","                    case 'TEXTAREA':","                        element.value = '';","                        break;","                    default:","                        element.textContent = '';","                    }","                });","            }","            switch (event && event.currentTarget && event.currentTarget.id) {","            case 'testRunButton1':","                // show tests","                if (document.querySelector('#testReportDiv1').style.display === 'none') {","                    document.querySelector('#testReportDiv1').style.display = 'block';","                    document.querySelector('#testRunButton1').textContent =","                        'hide internal test';","                    local.modeTest = true;","                    local.testRunDefault(local);","                // hide tests","                } else {","                    document.querySelector('#testReportDiv1').style.display = 'none';","                    document.querySelector('#testRunButton1').textContent = 'run internal test';","                }","                break;","            // custom-case","            default:","                break;","            }","            if (document.querySelector('#inputTextareaEval1') && (!event || (event &&","                    event.currentTarget &&","                    event.currentTarget.className &&","                    event.currentTarget.className.includes &&","                    event.currentTarget.className.includes('oneval')))) {","                // try to eval input-code","                try {","                    /*jslint evil: true*/","                    eval(document.querySelector('#inputTextareaEval1').value);","                } catch (errorCaught) {","                    console.error(errorCaught);","                }","            }","        };","        // log stderr and stdout to #outputTextareaStdout1","        ['error', 'log'].forEach(function (key) {","            console[key + '_original'] = console[key];","            console[key] = function () {","                var element;","                console[key + '_original'].apply(console, arguments);","                element = document.querySelector('#outputTextareaStdout1');","                if (!element) {","                    return;","                }","                // append text to #outputTextareaStdout1","                element.value += Array.from(arguments).map(function (arg) {","                    return typeof arg === 'string'","                        ? arg","                        : JSON.stringify(arg, null, 4);","                }).join(' ') + '\\n';","                // scroll textarea to bottom","                element.scrollTop = element.scrollHeight;","            };","        });","        // init event-handling","        ['change', 'click', 'keyup'].forEach(function (event) {","            Array.from(document.querySelectorAll('.on' + event)).forEach(function (element) {","                element.addEventListener(event, local.testRunBrowser);","            });","        });","        // run tests","        local.testRunBrowser();","        break;","","","","    // run node js-env code - post-init","    /* istanbul ignore next */","    case 'node':","        // export local","        module.exports = local;","        // require modules","        local.fs = require('fs');","        local.http = require('http');","        local.url = require('url');","        // init assets","        local.assetsDict = local.assetsDict || {};","        /* jslint-ignore-begin */","        local.assetsDict['/assets.index.template.html'] = '\\","<!doctype html>\\n\\","<html lang=\"en\">\\n\\","<head>\\n\\","<meta charset=\"UTF-8\">\\n\\","<meta name=\"viewport\" content=\"width=device-width, initial-scale=1\">\\n\\","<title>{{env.npm_package_name}} (v{{env.npm_package_version}})</title>\\n\\","<style>\\n\\","/*csslint\\n\\","    box-sizing: false,\\n\\","    universal-selector: false\\n\\","*/\\n\\","* {\\n\\","    box-sizing: border-box;\\n\\","}\\n\\","body {\\n\\","    background: #dde;\\n\\","    font-family: Arial, Helvetica, sans-serif;\\n\\","    margin: 2rem;\\n\\","}\\n\\","body > * {\\n\\","    margin-bottom: 1rem;\\n\\","}\\n\\",".utility2FooterDiv {\\n\\","    margin-top: 20px;\\n\\","    text-align: center;\\n\\","}\\n\\","</style>\\n\\","<style>\\n\\","/*csslint\\n\\","*/\\n\\","textarea {\\n\\","    font-family: monospace;\\n\\","    height: 10rem;\\n\\","    width: 100%;\\n\\","}\\n\\","textarea[readonly] {\\n\\","    background: #ddd;\\n\\","}\\n\\","</style>\\n\\","</head>\\n\\","<body>\\n\\","<!-- utility2-comment\\n\\","<div id=\"ajaxProgressDiv1\" style=\"background: #d00; height: 2px; left: 0; margin: 0; padding: 0; position: fixed; top: 0; transition: background 0.5s, width 1.5s; width: 25%;\"></div>\\n\\","utility2-comment -->\\n\\","<h1>\\n\\","<!-- utility2-comment\\n\\","    <a\\n\\","        {{#if env.npm_package_homepage}}\\n\\","        href=\"{{env.npm_package_homepage}}\"\\n\\","        {{/if env.npm_package_homepage}}\\n\\","        target=\"_blank\"\\n\\","    >\\n\\","utility2-comment -->\\n\\","        {{env.npm_package_name}} (v{{env.npm_package_version}})\\n\\","<!-- utility2-comment\\n\\","    </a>\\n\\","utility2-comment -->\\n\\","</h1>\\n\\","<h3>{{env.npm_package_description}}</h3>\\n\\","<!-- utility2-comment\\n\\","<h4><a download href=\"assets.app.js\">download standalone app</a></h4>\\n\\","<button class=\"onclick onreset\" id=\"testRunButton1\">run internal test</button><br>\\n\\","<div id=\"testReportDiv1\" style=\"display: none;\"></div>\\n\\","utility2-comment -->\\n\\","\\n\\","\\n\\","\\n\\","<label>stderr and stdout</label>\\n\\","<textarea class=\"resettable\" id=\"outputTextareaStdout1\" readonly></textarea>\\n\\","<!-- utility2-comment\\n\\","{{#if isRollup}}\\n\\","<script src=\"assets.app.js\"></script>\\n\\","{{#unless isRollup}}\\n\\","utility2-comment -->\\n\\","<script src=\"assets.utility2.rollup.js\"></script>\\n\\","<script src=\"jsonp.utility2._stateInit?callback=window.utility2._stateInit\"></script>\\n\\","<script src=\"assets.npmtest_decompress_zip.rollup.js\"></script>\\n\\","<script src=\"assets.example.js\"></script>\\n\\","<script src=\"assets.test.js\"></script>\\n\\","<!-- utility2-comment\\n\\","{{/if isRollup}}\\n\\","utility2-comment -->\\n\\","<div class=\"utility2FooterDiv\">\\n\\","    [ this app was created with\\n\\","    <a href=\"https://github.com/kaizhu256/node-utility2\" target=\"_blank\">utility2</a>\\n\\","    ]\\n\\","</div>\\n\\","</body>\\n\\","</html>\\n\\","';","        /* jslint-ignore-end */","        if (local.templateRender) {","            local.assetsDict['/'] = local.templateRender(","                local.assetsDict['/assets.index.template.html'],","                {","                    env: local.objectSetDefault(local.env, {","                        npm_package_description: 'the greatest app in the world!',","                        npm_package_name: 'my-app',","                        npm_package_nameAlias: 'my_app',","                        npm_package_version: '0.0.1'","                    })","                }","            );","        } else {","            local.assetsDict['/'] = local.assetsDict['/assets.index.template.html']","                .replace((/\\{\\{env\\.(\\w+?)\\}\\}/g), function (match0, match1) {","                    // jslint-hack","                    String(match0);","                    switch (match1) {","                    case 'npm_package_description':","                        return 'the greatest app in the world!';","                    case 'npm_package_name':","                        return 'my-app';","                    case 'npm_package_nameAlias':","                        return 'my_app';","                    case 'npm_package_version':","                        return '0.0.1';","                    }","                });","        }","        // run the cli","        if (local.global.utility2_rollup || module !== require.main) {","            break;","        }","        local.assetsDict['/assets.example.js'] =","            local.assetsDict['/assets.example.js'] ||","            local.fs.readFileSync(__filename, 'utf8');","        // bug-workaround - long $npm_package_buildCustomOrg","        /* jslint-ignore-begin */","        local.assetsDict['/assets.npmtest_decompress_zip.rollup.js'] =","            local.assetsDict['/assets.npmtest_decompress_zip.rollup.js'] ||","            local.fs.readFileSync(","                local.npmtest_decompress_zip.__dirname + '/lib.npmtest_decompress_zip.js',","                'utf8'","            ).replace((/^#!/), '//');","        /* jslint-ignore-end */","        local.assetsDict['/favicon.ico'] = local.assetsDict['/favicon.ico'] || '';","        // if $npm_config_timeout_exit exists,","        // then exit this process after $npm_config_timeout_exit ms","        if (Number(process.env.npm_config_timeout_exit)) {","            setTimeout(process.exit, Number(process.env.npm_config_timeout_exit));","        }","        // start server","        if (local.global.utility2_serverHttp1) {","            break;","        }","        process.env.PORT = process.env.PORT || '8081';","        console.error('server starting on port ' + process.env.PORT);","        local.http.createServer(function (request, response) {","            request.urlParsed = local.url.parse(request.url);","            if (local.assetsDict[request.urlParsed.pathname] !== undefined) {","                response.end(local.assetsDict[request.urlParsed.pathname]);","                return;","            }","            response.statusCode = 404;","            response.end();","        }).listen(process.env.PORT);","        break;","    }","}());",""],"l":{"26":2,"28":2,"33":2,"35":2,"37":2,"38":2,"39":2,"44":1,"51":2,"55":2,"59":2,"61":2,"69":1,"70":2,"76":2,"79":2,"82":2,"83":2,"85":1,"89":2,"92":1,"93":1,"94":1,"96":1,"97":1,"100":1,"101":1,"103":1,"106":1,"108":2,"114":1,"116":1,"118":1,"123":1,"124":2,"125":2,"126":3,"127":3,"128":3,"129":3,"130":1,"133":3,"134":3,"139":3,"143":1,"144":3,"145":1,"149":1,"150":1,"158":1,"160":1,"161":1,"162":1,"164":1,"166":1,"258":1,"259":1,"271":1,"274":6,"275":6,"277":1,"279":2,"281":1,"283":2,"288":1,"289":1,"291":1,"296":1,"303":1,"306":1,"307":1,"310":1,"311":1,"313":1,"314":1,"315":1,"316":1,"317":1,"318":1,"319":1,"321":1,"322":1,"324":1}},"/home/travis/build/npmtest/node-npmtest-decompress-zip/node_modules/decompress-zip/lib/decompress-zip.js":{"path":"/home/travis/build/npmtest/node-npmtest-decompress-zip/node_modules/decompress-zip/lib/decompress-zip.js","s":{"1":1,"2":1,"3":1,"4":1,"5":1,"6":1,"7":1,"8":1,"9":1,"10":1,"11":1,"12":1,"13":1,"14":0,"15":0,"16":0,"17":0,"18":0,"19":0,"20":0,"21":1,"22":1,"23":0,"24":1,"25":0,"26":0,"27":0,"28":1,"29":0,"30":0,"31":1,"32":0,"33":0,"34":0,"35":0,"36":0,"37":0,"38":0,"39":0,"40":1,"41":0,"42":0,"43":0,"44":0,"45":0,"46":0,"47":0,"48":0,"49":0,"50":0,"51":0,"52":0,"53":0,"54":0,"55":0,"56":0,"57":0,"58":0,"59":0,"60":0,"61":0,"62":0,"63":0,"64":0,"65":0,"66":0,"67":0,"68":0,"69":0,"70":1,"71":0,"72":0,"73":0,"74":1,"75":0,"76":0,"77":0,"78":1,"79":0,"80":0,"81":0,"82":0,"83":0,"84":0,"85":0,"86":0,"87":1,"88":0,"89":0,"90":1,"91":0,"92":0,"93":0,"94":1,"95":0,"96":0,"97":0,"98":0,"99":0,"100":0,"101":0,"102":0,"103":0,"104":0,"105":0,"106":0,"107":0,"108":0,"109":0,"110":0,"111":0,"112":0,"113":0,"114":0,"115":0,"116":0,"117":1,"118":0,"119":0,"120":0,"121":0,"122":0,"123":0,"124":0,"125":0,"126":0,"127":0,"128":0,"129":1,"130":0,"131":0,"132":0,"133":0,"134":0,"135":0,"136":0,"137":0,"138":0,"139":0,"140":0,"141":0,"142":0,"143":1},"b":{"1":[0,0],"2":[0,0],"3":[0,0],"4":[0,0],"5":[0,0],"6":[0,0],"7":[0,0],"8":[0,0],"9":[0,0],"10":[0,0],"11":[0,0],"12":[0,0],"13":[0,0],"14":[0,0],"15":[0,0],"16":[0,0],"17":[0,0],"18":[0,0],"19":[0,0,0],"20":[0,0],"21":[0,0]},"f":{"1":0,"2":0,"3":0,"4":0,"5":0,"6":0,"7":0,"8":0,"9":0,"10":0,"11":0,"12":0,"13":0,"14":0,"15":0,"16":0,"17":0,"18":0,"19":0,"20":0,"21":0,"22":0,"23":0,"24":0,"25":0,"26":0,"27":0,"28":0,"29":0,"30":0},"fnMap":{"1":{"name":"DecompressZip","line":22,"loc":{"start":{"line":22,"column":0},"end":{"line":22,"column":33}}},"2":{"name":"(anonymous_2)","line":39,"loc":{"start":{"line":39,"column":35},"end":{"line":39,"column":47}}},"3":{"name":"(anonymous_3)","line":43,"loc":{"start":{"line":43,"column":36},"end":{"line":43,"column":48}}},"4":{"name":"(anonymous_4)","line":50,"loc":{"start":{"line":50,"column":35},"end":{"line":50,"column":49}}},"5":{"name":"(anonymous_5)","line":55,"loc":{"start":{"line":55,"column":31},"end":{"line":55,"column":43}}},"6":{"name":"(anonymous_6)","line":59,"loc":{"start":{"line":59,"column":10},"end":{"line":59,"column":27}}},"7":{"name":"(anonymous_7)","line":62,"loc":{"start":{"line":62,"column":22},"end":{"line":62,"column":38}}},"8":{"name":"(anonymous_8)","line":68,"loc":{"start":{"line":68,"column":10},"end":{"line":68,"column":27}}},"9":{"name":"(anonymous_9)","line":76,"loc":{"start":{"line":76,"column":34},"end":{"line":76,"column":53}}},"10":{"name":"(anonymous_10)","line":86,"loc":{"start":{"line":86,"column":10},"end":{"line":86,"column":27}}},"11":{"name":"(anonymous_11)","line":94,"loc":{"start":{"line":94,"column":34},"end":{"line":94,"column":50}}},"12":{"name":"(anonymous_12)","line":97,"loc":{"start":{"line":97,"column":33},"end":{"line":97,"column":49}}},"13":{"name":"(anonymous_13)","line":103,"loc":{"start":{"line":103,"column":30},"end":{"line":103,"column":46}}},"14":{"name":"(anonymous_14)","line":124,"loc":{"start":{"line":124,"column":10},"end":{"line":124,"column":29}}},"15":{"name":"(anonymous_15)","line":127,"loc":{"start":{"line":127,"column":10},"end":{"line":127,"column":27}}},"16":{"name":"(anonymous_16)","line":136,"loc":{"start":{"line":136,"column":42},"end":{"line":136,"column":59}}},"17":{"name":"(anonymous_17)","line":142,"loc":{"start":{"line":142,"column":36},"end":{"line":142,"column":58}}},"18":{"name":"(anonymous_18)","line":145,"loc":{"start":{"line":145,"column":10},"end":{"line":145,"column":28}}},"19":{"name":"(anonymous_19)","line":150,"loc":{"start":{"line":150,"column":45},"end":{"line":150,"column":63}}},"20":{"name":"(anonymous_20)","line":172,"loc":{"start":{"line":172,"column":40},"end":{"line":172,"column":64}}},"21":{"name":"(anonymous_21)","line":179,"loc":{"start":{"line":179,"column":35},"end":{"line":179,"column":47}}},"22":{"name":"(anonymous_22)","line":192,"loc":{"start":{"line":192,"column":42},"end":{"line":192,"column":63}}},"23":{"name":"(anonymous_23)","line":197,"loc":{"start":{"line":197,"column":22},"end":{"line":197,"column":55}}},"24":{"name":"(anonymous_24)","line":204,"loc":{"start":{"line":204,"column":14},"end":{"line":204,"column":35}}},"25":{"name":"(anonymous_25)","line":230,"loc":{"start":{"line":230,"column":10},"end":{"line":230,"column":22}}},"26":{"name":"(anonymous_26)","line":235,"loc":{"start":{"line":235,"column":39},"end":{"line":235,"column":74}}},"27":{"name":"(anonymous_27)","line":241,"loc":{"start":{"line":241,"column":18},"end":{"line":241,"column":34}}},"28":{"name":"(anonymous_28)","line":243,"loc":{"start":{"line":243,"column":14},"end":{"line":243,"column":32}}},"29":{"name":"(anonymous_29)","line":252,"loc":{"start":{"line":252,"column":10},"end":{"line":252,"column":22}}},"30":{"name":"(anonymous_30)","line":257,"loc":{"start":{"line":257,"column":38},"end":{"line":257,"column":63}}}},"statementMap":{"1":{"start":{"line":8,"column":0},"end":{"line":8,"column":32}},"2":{"start":{"line":9,"column":0},"end":{"line":9,"column":21}},"3":{"start":{"line":10,"column":0},"end":{"line":10,"column":27}},"4":{"start":{"line":11,"column":0},"end":{"line":11,"column":27}},"5":{"start":{"line":12,"column":0},"end":{"line":12,"column":31}},"6":{"start":{"line":13,"column":0},"end":{"line":13,"column":41}},"7":{"start":{"line":14,"column":0},"end":{"line":14,"column":41}},"8":{"start":{"line":15,"column":0},"end":{"line":15,"column":41}},"9":{"start":{"line":16,"column":0},"end":{"line":16,"column":44}},"10":{"start":{"line":18,"column":0},"end":{"line":18,"column":34}},"11":{"start":{"line":19,"column":0},"end":{"line":19,"column":32}},"12":{"start":{"line":20,"column":0},"end":{"line":20,"column":33}},"13":{"start":{"line":22,"column":0},"end":{"line":35,"column":1}},"14":{"start":{"line":23,"column":4},"end":{"line":23,"column":35}},"15":{"start":{"line":25,"column":4},"end":{"line":25,"column":29}},"16":{"start":{"line":26,"column":4},"end":{"line":26,"column":22}},"17":{"start":{"line":27,"column":4},"end":{"line":27,"column":19}},"18":{"start":{"line":28,"column":4},"end":{"line":28,"column":33}},"19":{"start":{"line":29,"column":4},"end":{"line":29,"column":23}},"20":{"start":{"line":34,"column":4},"end":{"line":34,"column":17}},"21":{"start":{"line":37,"column":0},"end":{"line":37,"column":50}},"22":{"start":{"line":39,"column":0},"end":{"line":41,"column":2}},"23":{"start":{"line":40,"column":4},"end":{"line":40,"column":37}},"24":{"start":{"line":43,"column":0},"end":{"line":48,"column":2}},"25":{"start":{"line":44,"column":4},"end":{"line":47,"column":5}},"26":{"start":{"line":45,"column":8},"end":{"line":45,"column":30}},"27":{"start":{"line":46,"column":8},"end":{"line":46,"column":23}},"28":{"start":{"line":50,"column":0},"end":{"line":53,"column":2}},"29":{"start":{"line":51,"column":4},"end":{"line":51,"column":17}},"30":{"start":{"line":52,"column":4},"end":{"line":52,"column":21}},"31":{"start":{"line":55,"column":0},"end":{"line":74,"column":2}},"32":{"start":{"line":56,"column":4},"end":{"line":56,"column":20}},"33":{"start":{"line":58,"column":4},"end":{"line":71,"column":36}},"34":{"start":{"line":60,"column":8},"end":{"line":60,"column":24}},"35":{"start":{"line":62,"column":8},"end":{"line":64,"column":11}},"36":{"start":{"line":63,"column":12},"end":{"line":63,"column":35}},"37":{"start":{"line":66,"column":8},"end":{"line":66,"column":34}},"38":{"start":{"line":69,"column":8},"end":{"line":69,"column":34}},"39":{"start":{"line":73,"column":4},"end":{"line":73,"column":16}},"40":{"start":{"line":76,"column":0},"end":{"line":133,"column":2}},"41":{"start":{"line":77,"column":4},"end":{"line":77,"column":20}},"42":{"start":{"line":79,"column":4},"end":{"line":79,"column":28}},"43":{"start":{"line":80,"column":4},"end":{"line":80,"column":39}},"44":{"start":{"line":81,"column":4},"end":{"line":81,"column":44}},"45":{"start":{"line":82,"column":4},"end":{"line":82,"column":38}},"46":{"start":{"line":83,"column":4},"end":{"line":83,"column":40}},"47":{"start":{"line":85,"column":4},"end":{"line":130,"column":36}},"48":{"start":{"line":87,"column":8},"end":{"line":87,"column":24}},"49":{"start":{"line":89,"column":8},"end":{"line":91,"column":9}},"50":{"start":{"line":90,"column":12},"end":{"line":90,"column":49}},"51":{"start":{"line":93,"column":8},"end":{"line":100,"column":9}},"52":{"start":{"line":94,"column":12},"end":{"line":96,"column":15}},"53":{"start":{"line":95,"column":16},"end":{"line":95,"column":52}},"54":{"start":{"line":97,"column":12},"end":{"line":99,"column":15}},"55":{"start":{"line":98,"column":16},"end":{"line":98,"column":52}},"56":{"start":{"line":102,"column":8},"end":{"line":119,"column":9}},"57":{"start":{"line":103,"column":12},"end":{"line":118,"column":15}},"58":{"start":{"line":104,"column":16},"end":{"line":117,"column":17}},"59":{"start":{"line":106,"column":20},"end":{"line":106,"column":53}},"60":{"start":{"line":107,"column":20},"end":{"line":107,"column":49}},"61":{"start":{"line":109,"column":20},"end":{"line":113,"column":21}},"62":{"start":{"line":110,"column":24},"end":{"line":110,"column":99}},"63":{"start":{"line":112,"column":24},"end":{"line":112,"column":55}},"64":{"start":{"line":115,"column":20},"end":{"line":115,"column":72}},"65":{"start":{"line":116,"column":20},"end":{"line":116,"column":32}},"66":{"start":{"line":121,"column":8},"end":{"line":122,"column":61}},"67":{"start":{"line":125,"column":8},"end":{"line":125,"column":38}},"68":{"start":{"line":128,"column":8},"end":{"line":128,"column":34}},"69":{"start":{"line":132,"column":4},"end":{"line":132,"column":16}},"70":{"start":{"line":136,"column":0},"end":{"line":140,"column":2}},"71":{"start":{"line":137,"column":4},"end":{"line":137,"column":52}},"72":{"start":{"line":138,"column":4},"end":{"line":138,"column":23}},"73":{"start":{"line":139,"column":4},"end":{"line":139,"column":57}},"74":{"start":{"line":142,"column":0},"end":{"line":148,"column":2}},"75":{"start":{"line":143,"column":4},"end":{"line":143,"column":27}},"76":{"start":{"line":144,"column":4},"end":{"line":147,"column":7}},"77":{"start":{"line":146,"column":8},"end":{"line":146,"column":25}},"78":{"start":{"line":150,"column":0},"end":{"line":169,"column":2}},"79":{"start":{"line":151,"column":4},"end":{"line":151,"column":34}},"80":{"start":{"line":152,"column":4},"end":{"line":152,"column":19}},"81":{"start":{"line":159,"column":4},"end":{"line":162,"column":5}},"82":{"start":{"line":160,"column":8},"end":{"line":160,"column":16}},"83":{"start":{"line":161,"column":8},"end":{"line":161,"column":43}},"84":{"start":{"line":164,"column":4},"end":{"line":166,"column":5}},"85":{"start":{"line":165,"column":8},"end":{"line":165,"column":78}},"86":{"start":{"line":168,"column":4},"end":{"line":168,"column":31}},"87":{"start":{"line":172,"column":0},"end":{"line":177,"column":2}},"88":{"start":{"line":173,"column":4},"end":{"line":173,"column":56}},"89":{"start":{"line":175,"column":4},"end":{"line":176,"column":47}},"90":{"start":{"line":179,"column":0},"end":{"line":190,"column":2}},"91":{"start":{"line":180,"column":4},"end":{"line":187,"column":5}},"92":{"start":{"line":181,"column":8},"end":{"line":186,"column":47}},"93":{"start":{"line":189,"column":4},"end":{"line":189,"column":28}},"94":{"start":{"line":192,"column":0},"end":{"line":233,"column":2}},"95":{"start":{"line":193,"column":4},"end":{"line":193,"column":22}},"96":{"start":{"line":194,"column":4},"end":{"line":194,"column":19}},"97":{"start":{"line":195,"column":4},"end":{"line":195,"column":20}},"98":{"start":{"line":197,"column":4},"end":{"line":227,"column":7}},"99":{"start":{"line":198,"column":8},"end":{"line":198,"column":63}},"100":{"start":{"line":199,"column":8},"end":{"line":199,"column":81}},"101":{"start":{"line":200,"column":8},"end":{"line":200,"column":58}},"102":{"start":{"line":202,"column":8},"end":{"line":224,"column":11}},"103":{"start":{"line":205,"column":12},"end":{"line":205,"column":24}},"104":{"start":{"line":207,"column":12},"end":{"line":217,"column":13}},"105":{"start":{"line":208,"column":16},"end":{"line":208,"column":53}},"106":{"start":{"line":210,"column":16},"end":{"line":210,"column":42}},"107":{"start":{"line":212,"column":16},"end":{"line":214,"column":17}},"108":{"start":{"line":213,"column":20},"end":{"line":213,"column":79}},"109":{"start":{"line":216,"column":16},"end":{"line":216,"column":57}},"110":{"start":{"line":219,"column":12},"end":{"line":219,"column":64}},"111":{"start":{"line":220,"column":12},"end":{"line":220,"column":43}},"112":{"start":{"line":222,"column":12},"end":{"line":222,"column":43}},"113":{"start":{"line":223,"column":12},"end":{"line":223,"column":39}},"114":{"start":{"line":226,"column":8},"end":{"line":226,"column":31}},"115":{"start":{"line":229,"column":4},"end":{"line":232,"column":7}},"116":{"start":{"line":231,"column":8},"end":{"line":231,"column":21}},"117":{"start":{"line":235,"column":0},"end":{"line":255,"column":2}},"118":{"start":{"line":236,"column":4},"end":{"line":236,"column":22}},"119":{"start":{"line":237,"column":4},"end":{"line":237,"column":20}},"120":{"start":{"line":239,"column":4},"end":{"line":239,"column":28}},"121":{"start":{"line":240,"column":4},"end":{"line":240,"column":22}},"122":{"start":{"line":241,"column":4},"end":{"line":249,"column":7}},"123":{"start":{"line":242,"column":8},"end":{"line":246,"column":11}},"124":{"start":{"line":244,"column":12},"end":{"line":244,"column":61}},"125":{"start":{"line":245,"column":12},"end":{"line":245,"column":33}},"126":{"start":{"line":248,"column":8},"end":{"line":248,"column":31}},"127":{"start":{"line":251,"column":4},"end":{"line":254,"column":7}},"128":{"start":{"line":253,"column":8},"end":{"line":253,"column":23}},"129":{"start":{"line":257,"column":0},"end":{"line":310,"column":2}},"130":{"start":{"line":258,"column":4},"end":{"line":258,"column":57}},"131":{"start":{"line":284,"column":4},"end":{"line":286,"column":5}},"132":{"start":{"line":285,"column":8},"end":{"line":285,"column":58}},"133":{"start":{"line":288,"column":4},"end":{"line":299,"column":5}},"134":{"start":{"line":289,"column":8},"end":{"line":298,"column":9}},"135":{"start":{"line":291,"column":12},"end":{"line":291,"column":61}},"136":{"start":{"line":294,"column":12},"end":{"line":294,"column":63}},"137":{"start":{"line":297,"column":12},"end":{"line":297,"column":60}},"138":{"start":{"line":301,"column":4},"end":{"line":307,"column":5}},"139":{"start":{"line":302,"column":8},"end":{"line":306,"column":9}},"140":{"start":{"line":303,"column":12},"end":{"line":303,"column":74}},"141":{"start":{"line":305,"column":12},"end":{"line":305,"column":77}},"142":{"start":{"line":309,"column":4},"end":{"line":309,"column":65}},"143":{"start":{"line":312,"column":0},"end":{"line":312,"column":31}}},"branchMap":{"1":{"line":44,"type":"if","locations":[{"start":{"line":44,"column":4},"end":{"line":44,"column":4}},{"start":{"line":44,"column":4},"end":{"line":44,"column":4}}]},"2":{"line":79,"type":"binary-expr","locations":[{"start":{"line":79,"column":14},"end":{"line":79,"column":21}},{"start":{"line":79,"column":25},"end":{"line":79,"column":27}}]},"3":{"line":80,"type":"binary-expr","locations":[{"start":{"line":80,"column":19},"end":{"line":80,"column":31}},{"start":{"line":80,"column":35},"end":{"line":80,"column":38}}]},"4":{"line":81,"type":"binary-expr","locations":[{"start":{"line":81,"column":21},"end":{"line":81,"column":35}},{"start":{"line":81,"column":39},"end":{"line":81,"column":43}}]},"5":{"line":83,"type":"binary-expr","locations":[{"start":{"line":83,"column":20},"end":{"line":83,"column":34}},{"start":{"line":83,"column":38},"end":{"line":83,"column":39}}]},"6":{"line":89,"type":"if","locations":[{"start":{"line":89,"column":8},"end":{"line":89,"column":8}},{"start":{"line":89,"column":8},"end":{"line":89,"column":8}}]},"7":{"line":93,"type":"if","locations":[{"start":{"line":93,"column":8},"end":{"line":93,"column":8}},{"start":{"line":93,"column":8},"end":{"line":93,"column":8}}]},"8":{"line":102,"type":"if","locations":[{"start":{"line":102,"column":8},"end":{"line":102,"column":8}},{"start":{"line":102,"column":8},"end":{"line":102,"column":8}}]},"9":{"line":104,"type":"if","locations":[{"start":{"line":104,"column":16},"end":{"line":104,"column":16}},{"start":{"line":104,"column":16},"end":{"line":104,"column":16}}]},"10":{"line":109,"type":"if","locations":[{"start":{"line":109,"column":20},"end":{"line":109,"column":20}},{"start":{"line":109,"column":20},"end":{"line":109,"column":20}}]},"11":{"line":159,"type":"binary-expr","locations":[{"start":{"line":159,"column":11},"end":{"line":159,"column":62}},{"start":{"line":159,"column":66},"end":{"line":159,"column":111}}]},"12":{"line":164,"type":"if","locations":[{"start":{"line":164,"column":4},"end":{"line":164,"column":4}},{"start":{"line":164,"column":4},"end":{"line":164,"column":4}}]},"13":{"line":180,"type":"if","locations":[{"start":{"line":180,"column":4},"end":{"line":180,"column":4}},{"start":{"line":180,"column":4},"end":{"line":180,"column":4}}]},"14":{"line":207,"type":"if","locations":[{"start":{"line":207,"column":12},"end":{"line":207,"column":12}},{"start":{"line":207,"column":12},"end":{"line":207,"column":12}}]},"15":{"line":212,"type":"if","locations":[{"start":{"line":212,"column":16},"end":{"line":212,"column":16}},{"start":{"line":212,"column":16},"end":{"line":212,"column":16}}]},"16":{"line":239,"type":"binary-expr","locations":[{"start":{"line":239,"column":14},"end":{"line":239,"column":21}},{"start":{"line":239,"column":25},"end":{"line":239,"column":27}}]},"17":{"line":284,"type":"if","locations":[{"start":{"line":284,"column":4},"end":{"line":284,"column":4}},{"start":{"line":284,"column":4},"end":{"line":284,"column":4}}]},"18":{"line":288,"type":"if","locations":[{"start":{"line":288,"column":4},"end":{"line":288,"column":4}},{"start":{"line":288,"column":4},"end":{"line":288,"column":4}}]},"19":{"line":289,"type":"switch","locations":[{"start":{"line":290,"column":8},"end":{"line":291,"column":61}},{"start":{"line":293,"column":8},"end":{"line":294,"column":63}},{"start":{"line":296,"column":8},"end":{"line":297,"column":60}}]},"20":{"line":301,"type":"if","locations":[{"start":{"line":301,"column":4},"end":{"line":301,"column":4}},{"start":{"line":301,"column":4},"end":{"line":301,"column":4}}]},"21":{"line":302,"type":"if","locations":[{"start":{"line":302,"column":8},"end":{"line":302,"column":8}},{"start":{"line":302,"column":8},"end":{"line":302,"column":8}}]}},"code":["'use strict';","","// The zip file spec is at http://www.pkware.com/documents/casestudies/APPNOTE.TXT","// TODO: There is fair chunk of the spec that I have ignored. Need to add","// assertions everywhere to make sure that we are not dealing with a ZIP type","// that I haven't designed for. Things like spanning archives, non-DEFLATE","// compression, encryption, etc.","var fs = require('graceful-fs');","var Q = require('q');","var path = require('path');","var util = require('util');","var events = require('events');","var structures = require('./structures');","var signatures = require('./signatures');","var extractors = require('./extractors');","var FileDetails = require('./file-details');","","var fstat = Q.denodeify(fs.fstat);","var read = Q.denodeify(fs.read);","var fopen = Q.denodeify(fs.open);","","function DecompressZip(filename) {","    events.EventEmitter.call(this);","","    this.filename = filename;","    this.stats = null;","    this.fd = null;","    this.chunkSize = 1024 * 1024; // Buffer up to 1Mb at a time","    this.dirCache = {};","","    // When we need a resource, we should check if there is a promise for it","    // already and use that. If the promise is already fulfilled we don't do the","    // async work again and we get to queue up dependant tasks.","    this._p = {}; // _p instead of _promises because it is a lot easier to read","}","","util.inherits(DecompressZip, events.EventEmitter);","","DecompressZip.prototype.openFile = function () {","    return fopen(this.filename, 'r');","};","","DecompressZip.prototype.closeFile = function () {","    if (this.fd) {","        fs.closeSync(this.fd);","        this.fd = null;","    }","};","","DecompressZip.prototype.statFile = function (fd) {","    this.fd = fd;","    return fstat(fd);","};","","DecompressZip.prototype.list = function () {","    var self = this;","","    this.getFiles()","    .then(function (files) {","        var result = [];","","        files.forEach(function (file) {","            result.push(file.path);","        });","","        self.emit('list', result);","    })","    .fail(function (error) {","        self.emit('error', error);","    })","    .fin(self.closeFile.bind(self));","","    return this;","};","","DecompressZip.prototype.extract = function (options) {","    var self = this;","","    options = options || {};","    options.path = options.path || '.';","    options.filter = options.filter || null;","    options.follow = !!options.follow;","    options.strip = +options.strip || 0;","","    this.getFiles()","    .then(function (files) {","        var copies = [];","","        if (options.filter) {","            files = files.filter(options.filter);","        }","","        if (options.follow) {","            copies = files.filter(function (file) {","                return file.type === 'SymbolicLink';","            });","            files = files.filter(function (file) {","                return file.type !== 'SymbolicLink';","            });","        }","","        if (options.strip) {","            files = files.map(function (file) {","                if (file.type !== 'Directory') {","                    // we don't use `path.sep` as we're using `/` in Windows too","                    var dir = file.parent.split('/');","                    var filename = file.filename;","","                    if (options.strip > dir.length) {","                        throw new Error('You cannot strip more levels than there are directories');","                    } else {","                        dir = dir.slice(options.strip);","                    }","","                    file.path = path.join(dir.join(path.sep), filename);","                    return file;","                }","            });","        }","","        return self.extractFiles(files, options)","        .then(self.extractFiles.bind(self, copies, options));","    })","    .then(function (results) {","        self.emit('extract', results);","    })","    .fail(function (error) {","        self.emit('error', error);","    })","    .fin(self.closeFile.bind(self));","","    return this;","};","","// Utility methods","DecompressZip.prototype.getSearchBuffer = function (stats) {","    var size = Math.min(stats.size, this.chunkSize);","    this.stats = stats;","    return this.getBuffer(stats.size - size, stats.size);","};","","DecompressZip.prototype.getBuffer = function (start, end) {","    var size = end - start;","    return read(this.fd, new Buffer(size), 0, size, start)","    .then(function (result) {","        return result[1];","    });","};","","DecompressZip.prototype.findEndOfDirectory = function (buffer) {","    var index = buffer.length - 3;","    var chunk = '';","","    // Apparently the ZIP spec is not very good and it is impossible to","    // guarantee that you have read a zip file correctly, or to determine","    // the location of the CD without hunting.","    // Search backwards through the buffer, as it is very likely to be near the","    // end of the file.","    while (index > Math.max(buffer.length - this.chunkSize, 0) && chunk !== signatures.END_OF_CENTRAL_DIRECTORY) {","        index--;","        chunk = buffer.readUInt32LE(index);","    }","","    if (chunk !== signatures.END_OF_CENTRAL_DIRECTORY) {","        throw new Error('Could not find the End of Central Directory Record');","    }","","    return buffer.slice(index);","};","","// Directory here means the ZIP Central Directory, not a folder","DecompressZip.prototype.readDirectory = function (recordBuffer) {","    var record = structures.readEndRecord(recordBuffer);","","    return this.getBuffer(record.directoryOffset, record.directoryOffset + record.directorySize)","    .then(structures.readDirectory.bind(null));","};","","DecompressZip.prototype.getFiles = function () {","    if (!this._p.getFiles) {","        this._p.getFiles = this.openFile()","        .then(this.statFile.bind(this))","        .then(this.getSearchBuffer.bind(this))","        .then(this.findEndOfDirectory.bind(this))","        .then(this.readDirectory.bind(this))","        .then(this.readFileEntries.bind(this));","    }","","    return this._p.getFiles;","};","","DecompressZip.prototype.readFileEntries = function (directory) {","    var promises = [];","    var files = [];","    var self = this;","","    directory.forEach(function (directoryEntry, index) {","        var start = directoryEntry.relativeOffsetOfLocalHeader;","        var end = Math.min(self.stats.size, start + structures.maxFileEntrySize);","        var fileDetails = new FileDetails(directoryEntry);","","        var promise = self.getBuffer(start, end)","        .then(structures.readFileEntry.bind(null))","        .then(function (fileEntry) {","            var maxSize;","","            if (fileDetails.compressedSize > 0) {","                maxSize = fileDetails.compressedSize;","            } else {","                maxSize = self.stats.size;","","                if (index < directory.length - 1) {","                    maxSize = directory[index + 1].relativeOffsetOfLocalHeader;","                }","","                maxSize -= start + fileEntry.entryLength;","            }","","            fileDetails._offset = start + fileEntry.entryLength;","            fileDetails._maxSize = maxSize;","","            self.emit('file', fileDetails);","            files[index] = fileDetails;","        });","","        promises.push(promise);","    });","","    return Q.all(promises)","    .then(function () {","        return files;","    });","};","","DecompressZip.prototype.extractFiles = function (files, options, results) {","    var promises = [];","    var self = this;","","    results = results || [];","    var fileIndex = 0;","    files.forEach(function (file) {","        var promise = self.extractFile(file, options)","        .then(function (result) {","            self.emit('progress', fileIndex++, files.length);","            results.push(result);","        });","","        promises.push(promise);","    });","","    return Q.all(promises)","    .then(function () {","        return results;","    });","};","","DecompressZip.prototype.extractFile = function (file, options) {","    var destination = path.join(options.path, file.path);","","    // Possible compression methods:","    //    0 - The file is stored (no compression)","    //    1 - The file is Shrunk","    //    2 - The file is Reduced with compression factor 1","    //    3 - The file is Reduced with compression factor 2","    //    4 - The file is Reduced with compression factor 3","    //    5 - The file is Reduced with compression factor 4","    //    6 - The file is Imploded","    //    7 - Reserved for Tokenizing compression algorithm","    //    8 - The file is Deflated","    //    9 - Enhanced Deflating using Deflate64(tm)","    //   10 - PKWARE Data Compression Library Imploding (old IBM TERSE)","    //   11 - Reserved by PKWARE","    //   12 - File is compressed using BZIP2 algorithm","    //   13 - Reserved by PKWARE","    //   14 - LZMA (EFS)","    //   15 - Reserved by PKWARE","    //   16 - Reserved by PKWARE","    //   17 - Reserved by PKWARE","    //   18 - File is compressed using IBM TERSE (new)","    //   19 - IBM LZ77 z Architecture (PFS)","    //   97 - WavPack compressed data","    //   98 - PPMd version I, Rev 1","","    if (file.type === 'Directory') {","        return extractors.folder(file, destination, this);","    }","","    if (file.type === 'File') {","        switch (file.compressionMethod) {","        case 0:","            return extractors.store(file, destination, this);","","        case 8:","            return extractors.deflate(file, destination, this);","","        default:","            throw new Error('Unsupported compression type');","        }","    }","","    if (file.type === 'SymbolicLink') {","        if (options.follow) {","            return extractors.copy(file, destination, this, options.path);","        } else {","            return extractors.symlink(file, destination, this, options.path);","        }","    }","","    throw new Error('Unsupported file type \"' + file.type + '\"');","};","","module.exports = DecompressZip;",""],"l":{"8":1,"9":1,"10":1,"11":1,"12":1,"13":1,"14":1,"15":1,"16":1,"18":1,"19":1,"20":1,"22":1,"23":0,"25":0,"26":0,"27":0,"28":0,"29":0,"34":0,"37":1,"39":1,"40":0,"43":1,"44":0,"45":0,"46":0,"50":1,"51":0,"52":0,"55":1,"56":0,"58":0,"60":0,"62":0,"63":0,"66":0,"69":0,"73":0,"76":1,"77":0,"79":0,"80":0,"81":0,"82":0,"83":0,"85":0,"87":0,"89":0,"90":0,"93":0,"94":0,"95":0,"97":0,"98":0,"102":0,"103":0,"104":0,"106":0,"107":0,"109":0,"110":0,"112":0,"115":0,"116":0,"121":0,"125":0,"128":0,"132":0,"136":1,"137":0,"138":0,"139":0,"142":1,"143":0,"144":0,"146":0,"150":1,"151":0,"152":0,"159":0,"160":0,"161":0,"164":0,"165":0,"168":0,"172":1,"173":0,"175":0,"179":1,"180":0,"181":0,"189":0,"192":1,"193":0,"194":0,"195":0,"197":0,"198":0,"199":0,"200":0,"202":0,"205":0,"207":0,"208":0,"210":0,"212":0,"213":0,"216":0,"219":0,"220":0,"222":0,"223":0,"226":0,"229":0,"231":0,"235":1,
[...]
ne":122,"column":26}}},"19":{"name":"(anonymous_19)","line":125,"loc":{"start":{"line":125,"column":14},"end":{"line":125,"column":32}}},"20":{"name":"(anonymous_20)","line":127,"loc":{"start":{"line":127,"column":18},"end":{"line":127,"column":35}}},"21":{"name":"(anonymous_21)","line":140,"loc":{"start":{"line":140,"column":18},"end":{"line":140,"column":30}}},"22":{"name":"(anonymous_22)","line":147,"loc":{"start":{"line":147,"column":22},"end":{"line":147,"column":66}}},"23":{"name":"(anonymous_23)","line":150,"loc":{"start":{"line":150,"column":10},"end":{"line":150,"column":28}}},"24":{"name":"(anonymous_24)","line":162,"loc":{"start":{"line":162,"column":18},"end":{"line":162,"column":57}}},"25":{"name":"(anonymous_25)","line":165,"loc":{"start":{"line":165,"column":23},"end":{"line":165,"column":40}}},"26":{"name":"(anonymous_26)","line":173,"loc":{"start":{"line":173,"column":20},"end":{"line":173,"column":32}}},"27":{"name":"(anonymous_27)","line":174,"loc":{"start":{"line":174,"column":19},"end":{"line":174,"column":31}}}},"statementMap":{"1":{"start":{"line":1,"column":0},"end":{"line":1,"column":31}},"2":{"start":{"line":2,"column":0},"end":{"line":4,"column":1}},"3":{"start":{"line":3,"column":4},"end":{"line":3,"column":44}},"4":{"start":{"line":5,"column":0},"end":{"line":5,"column":32}},"5":{"start":{"line":6,"column":0},"end":{"line":6,"column":21}},"6":{"start":{"line":7,"column":0},"end":{"line":7,"column":27}},"7":{"start":{"line":8,"column":0},"end":{"line":8,"column":27}},"8":{"start":{"line":9,"column":0},"end":{"line":9,"column":42}},"9":{"start":{"line":10,"column":0},"end":{"line":10,"column":44}},"10":{"start":{"line":11,"column":0},"end":{"line":11,"column":42}},"11":{"start":{"line":12,"column":0},"end":{"line":12,"column":46}},"12":{"start":{"line":13,"column":0},"end":{"line":13,"column":38}},"13":{"start":{"line":14,"column":0},"end":{"line":14,"column":32}},"14":{"start":{"line":19,"column":0},"end":{"line":40,"column":2}},"15":{"start":{"line":20,"column":4},"end":{"line":20,"column":70}},"16":{"start":{"line":21,"column":4},"end":{"line":23,"column":5}},"17":{"start":{"line":22,"column":8},"end":{"line":22,"column":55}},"18":{"start":{"line":25,"column":4},"end":{"line":37,"column":5}},"19":{"start":{"line":26,"column":8},"end":{"line":26,"column":19}},"20":{"start":{"line":28,"column":8},"end":{"line":32,"column":9}},"21":{"start":{"line":29,"column":12},"end":{"line":29,"column":29}},"22":{"start":{"line":31,"column":12},"end":{"line":31,"column":59}},"23":{"start":{"line":34,"column":8},"end":{"line":36,"column":11}},"24":{"start":{"line":35,"column":12},"end":{"line":35,"column":37}},"25":{"start":{"line":39,"column":4},"end":{"line":39,"column":22}},"26":{"start":{"line":43,"column":0},"end":{"line":145,"column":2}},"27":{"start":{"line":45,"column":8},"end":{"line":48,"column":11}},"28":{"start":{"line":47,"column":12},"end":{"line":47,"column":41}},"29":{"start":{"line":51,"column":8},"end":{"line":51,"column":19}},"30":{"start":{"line":53,"column":8},"end":{"line":66,"column":9}},"31":{"start":{"line":54,"column":12},"end":{"line":54,"column":51}},"32":{"start":{"line":55,"column":15},"end":{"line":66,"column":9}},"33":{"start":{"line":56,"column":12},"end":{"line":61,"column":14}},"34":{"start":{"line":57,"column":16},"end":{"line":60,"column":19}},"35":{"start":{"line":59,"column":20},"end":{"line":59,"column":79}},"36":{"start":{"line":63,"column":12},"end":{"line":63,"column":46}},"37":{"start":{"line":64,"column":12},"end":{"line":64,"column":128}},"38":{"start":{"line":65,"column":12},"end":{"line":65,"column":85}},"39":{"start":{"line":68,"column":8},"end":{"line":72,"column":11}},"40":{"start":{"line":71,"column":12},"end":{"line":71,"column":39}},"41":{"start":{"line":79,"column":8},"end":{"line":100,"column":11}},"42":{"start":{"line":81,"column":12},"end":{"line":96,"column":13}},"43":{"start":{"line":82,"column":16},"end":{"line":86,"column":19}},"44":{"start":{"line":85,"column":20},"end":{"line":85,"column":79}},"45":{"start":{"line":91,"column":16},"end":{"line":91,"column":50}},"46":{"start":{"line":92,"column":16},"end":{"line":92,"column":85}},"47":{"start":{"line":93,"column":16},"end":{"line":93,"column":93}},"48":{"start":{"line":95,"column":16},"end":{"line":95,"column":79}},"49":{"start":{"line":99,"column":12},"end":{"line":99,"column":41}},"50":{"start":{"line":103,"column":8},"end":{"line":103,"column":47}},"51":{"start":{"line":104,"column":8},"end":{"line":113,"column":11}},"52":{"start":{"line":106,"column":12},"end":{"line":106,"column":69}},"53":{"start":{"line":109,"column":12},"end":{"line":112,"column":15}},"54":{"start":{"line":111,"column":16},"end":{"line":111,"column":60}},"55":{"start":{"line":118,"column":8},"end":{"line":118,"column":17}},"56":{"start":{"line":119,"column":8},"end":{"line":119,"column":47}},"57":{"start":{"line":121,"column":8},"end":{"line":143,"column":11}},"58":{"start":{"line":123,"column":12},"end":{"line":123,"column":69}},"59":{"start":{"line":126,"column":12},"end":{"line":142,"column":15}},"60":{"start":{"line":128,"column":16},"end":{"line":138,"column":17}},"61":{"start":{"line":129,"column":20},"end":{"line":129,"column":34}},"62":{"start":{"line":130,"column":20},"end":{"line":130,"column":54}},"63":{"start":{"line":131,"column":20},"end":{"line":131,"column":82}},"64":{"start":{"line":132,"column":20},"end":{"line":132,"column":59}},"65":{"start":{"line":133,"column":23},"end":{"line":138,"column":17}},"66":{"start":{"line":134,"column":20},"end":{"line":134,"column":39}},"67":{"start":{"line":135,"column":20},"end":{"line":135,"column":60}},"68":{"start":{"line":137,"column":20},"end":{"line":137,"column":85}},"69":{"start":{"line":141,"column":16},"end":{"line":141,"column":71}},"70":{"start":{"line":147,"column":0},"end":{"line":160,"column":2}},"71":{"start":{"line":148,"column":4},"end":{"line":148,"column":43}},"72":{"start":{"line":149,"column":4},"end":{"line":159,"column":7}},"73":{"start":{"line":151,"column":8},"end":{"line":151,"column":39}},"74":{"start":{"line":152,"column":8},"end":{"line":152,"column":52}},"75":{"start":{"line":154,"column":8},"end":{"line":156,"column":9}},"76":{"start":{"line":155,"column":12},"end":{"line":155,"column":61}},"77":{"start":{"line":158,"column":8},"end":{"line":158,"column":22}},"78":{"start":{"line":162,"column":0},"end":{"line":182,"column":2}},"79":{"start":{"line":163,"column":4},"end":{"line":163,"column":29}},"80":{"start":{"line":164,"column":4},"end":{"line":164,"column":60}},"81":{"start":{"line":165,"column":4},"end":{"line":167,"column":6}},"82":{"start":{"line":166,"column":8},"end":{"line":166,"column":31}},"83":{"start":{"line":169,"column":4},"end":{"line":169,"column":36}},"84":{"start":{"line":170,"column":4},"end":{"line":170,"column":37}},"85":{"start":{"line":173,"column":4},"end":{"line":177,"column":7}},"86":{"start":{"line":174,"column":8},"end":{"line":176,"column":11}},"87":{"start":{"line":175,"column":12},"end":{"line":175,"column":31}},"88":{"start":{"line":179,"column":4},"end":{"line":179,"column":37}},"89":{"start":{"line":181,"column":4},"end":{"line":181,"column":28}},"90":{"start":{"line":184,"column":0},"end":{"line":184,"column":28}}},"branchMap":{"1":{"line":2,"type":"if","locations":[{"start":{"line":2,"column":0},"end":{"line":2,"column":0}},{"start":{"line":2,"column":0},"end":{"line":2,"column":0}}]},"2":{"line":21,"type":"if","locations":[{"start":{"line":21,"column":4},"end":{"line":21,"column":4}},{"start":{"line":21,"column":4},"end":{"line":21,"column":4}}]},"3":{"line":25,"type":"if","locations":[{"start":{"line":25,"column":4},"end":{"line":25,"column":4}},{"start":{"line":25,"column":4},"end":{"line":25,"column":4}}]},"4":{"line":28,"type":"if","locations":[{"start":{"line":28,"column":8},"end":{"line":28,"column":8}},{"start":{"line":28,"column":8},"end":{"line":28,"column":8}}]},"5":{"line":53,"type":"if","locations":[{"start":{"line":53,"column":8},"end":{"line":53,"column":8}},{"start":{"line":53,"column":8},"end":{"line":53,"column":8}}]},"6":{"line":55,"type":"if","locations":[{"start":{"line":55,"column":15},"end":{"line":55,"column":15}},{"start":{"line":55,"column":15},"end":{"line":55,"column":15}}]},"7":{"line":81,"type":"if","locations":[{"start":{"line":81,"column":12},"end":{"line":81,"column":12}},{"start":{"line":81,"column":12},"end":{"line":81,"column":12}}]},"8":{"line":128,"type":"if","locations":[{"start":{"line":128,"column":16},"end":{"line":128,"column":16}},{"start":{"line":128,"column":16},"end":{"line":128,"column":16}}]},"9":{"line":133,"type":"if","locations":[{"start":{"line":133,"column":23},"end":{"line":133,"column":23}},{"start":{"line":133,"column":23},"end":{"line":133,"column":23}}]},"10":{"line":154,"type":"if","locations":[{"start":{"line":154,"column":8},"end":{"line":154,"column":8}},{"start":{"line":154,"column":8},"end":{"line":154,"column":8}}]}},"code":["var stream = require('stream');","if (!stream.Readable) {","    var stream = require('readable-stream');","}","var fs = require('graceful-fs');","var Q = require('q');","var path = require('path');","var zlib = require('zlib');","var touch = Q.denodeify(require('touch'));","var mkpath = Q.denodeify(require('mkpath'));","var writeFile = Q.denodeify(fs.writeFile);","var inflateRaw = Q.denodeify(zlib.inflateRaw);","var symlink = Q.denodeify(fs.symlink);","var stat = Q.denodeify(fs.stat);","","// Use a cache of promises for building the directory tree. This allows us to","// correctly queue up file extractions for after their path has been created,","// avoid trying to create the path twice and still be async.","var mkdir = function (dir, cache, mode) {","    dir = path.normalize(path.resolve(process.cwd(), dir) + path.sep);","    if (mode === undefined) {","        mode = parseInt('777', 8) & (~process.umask());","    }","","    if (!cache[dir]) {","        var parent;","","        if (fs.existsSync(dir)) {","            parent = new Q();","        } else {","            parent = mkdir(path.dirname(dir), cache, mode);","        }","","        cache[dir] = parent.then(function () {","            return mkpath(dir, mode);","        });","    }","","    return cache[dir];","};","","// Utility methods for writing output files","var extractors = {","    folder: function (folder, destination, zip) {","        return mkdir(destination, zip.dirCache, folder.mode)","        .then(function () {","            return {folder: folder.path};","        });","    },","    store: function (file, destination, zip) {","        var writer;","","        if (file.uncompressedSize === 0) {","            writer = touch.bind(null, destination);","        } else if (file.uncompressedSize <= zip.chunkSize) {","            writer = function () {","                return zip.getBuffer(file._offset, file._offset + file.uncompressedSize)","                .then(function (buffer) {","                    return writeFile(destination, buffer, { mode: file.mode });","                });","            };","        } else {","            var input = new stream.Readable();","            input.wrap(fs.createReadStream(zip.filename, {start: file._offset, end: file._offset + file.uncompressedSize - 1}));","            writer = pipePromise.bind(null, input, destination, { mode: file.mode });","        }","","        return mkdir(path.dirname(destination), zip.dirCache)","        .then(writer)","        .then(function () {","            return {stored: file.path};","        });","    },","    deflate: function (file, destination, zip) {","        // For Deflate you don't actually need to specify the end offset - and","        // in fact many ZIP files don't include compressed file sizes for","        // Deflated files so we don't even know what the end offset is.","","        return mkdir(path.dirname(destination), zip.dirCache)","        .then(function () {","            if (file._maxSize <= zip.chunkSize) {","                return zip.getBuffer(file._offset, file._offset + file._maxSize)","                .then(inflateRaw)","                .then(function (buffer) {","                    return writeFile(destination, buffer, { mode: file.mode });","                });","            } else {","                // For node 0.8 we need to create the Zlib stream and attach","                // handlers in the same tick of the event loop, which is why we do","                // the creation in here","                var input = new stream.Readable();","                input.wrap(fs.createReadStream(zip.filename, {start: file._offset}));","                var inflater = input.pipe(zlib.createInflateRaw({highWaterMark: 32 * 1024}));","","                return pipePromise(inflater, destination, { mode: file.mode });","            }","        })","        .then(function () {","            return {deflated: file.path};","        });","    },","    symlink: function (file, destination, zip, basePath) {","        var parent = path.dirname(destination);","        return mkdir(parent, zip.dirCache)","        .then(function () {","            return getLinkLocation(file, destination, zip, basePath);","        })","        .then(function (linkTo) {","            return symlink(path.resolve(parent, linkTo), destination)","            .then(function () {","                return {symlink: file.path, linkTo: linkTo};","            });","        });","    },","    // Make a shallow copy of the file/directory this symlink points to instead","    // of actually creating a link","    copy: function (file, destination, zip, basePath) {","        var type;","        var parent = path.dirname(destination);","","        return mkdir(parent, zip.dirCache)","        .then(function () {","            return getLinkLocation(file, destination, zip, basePath);","        })","        .then(function (linkTo) {","            return stat(path.resolve(parent, linkTo))","            .then(function (stats) {","                if (stats.isFile()) {","                    type = 'File';","                    var input = new stream.Readable();","                    input.wrap(fs.createReadStream(path.resolve(parent, linkTo)));","                    return pipePromise(input, destination);","                } else if (stats.isDirectory()) {","                    type = 'Directory';","                    return mkdir(destination, zip.dirCache);","                } else {","                    throw new Error('Could not follow symlink to unknown file type');","                }","            })","            .then(function () {","                return {copy: file.path, original: linkTo, type: type};","            });","        });","    }","};","","var getLinkLocation = function (file, destination, zip, basePath) {","    var parent = path.dirname(destination);","    return zip.getBuffer(file._offset, file._offset + file.uncompressedSize)","    .then(function (buffer) {","        var linkTo = buffer.toString();","        var fullLink = path.resolve(parent, linkTo);","","        if (path.relative(basePath, fullLink).slice(0, 2) === '..') {","            throw new Error('Symlink links outside archive');","        }","","        return linkTo;","    });","};","","var pipePromise = function (input, destination, options) {","    var deferred = Q.defer();","    var output = fs.createWriteStream(destination, options);","    var errorHandler = function (error) {","        deferred.reject(error);","    };","","    input.on('error', errorHandler);","    output.on('error', errorHandler);","","    // For node 0.8 we can't just use the 'finish' event of the pipe","    input.on('end', function () {","        output.end(function () {","            deferred.resolve();","        });","    });","","    input.pipe(output, {end: false});","","    return deferred.promise;","};","","module.exports = extractors;",""],"l":{"1":1,"2":1,"3":0,"5":1,"6":1,"7":1,"8":1,"9":1,"10":1,"11":1,"12":1,"13":1,"14":1,"19":1,"20":0,"21":0,"22":0,"25":0,"26":0,"28":0,"29":0,"31":0,"34":0,"35":0,"39":0,"43":1,"45":0,"47":0,"51":0,"53":0,"54":0,"55":0,"56":0,"57":0,"59":0,"63":0,"64":0,"65":0,"68":0,"71":0,"79":0,"81":0,"82":0,"85":0,"91":0,"92":0,"93":0,"95":0,"99":0,"103":0,"104":0,"106":0,"109":0,"111":0,"118":0,"119":0,"121":0,"123":0,"126":0,"128":0,"129":0,"130":0,"131":0,"132":0,"133":0,"134":0,"135":0,"137":0,"141":0,"147":1,"148":0,"149":0,"151":0,"152":0,"154":0,"155":0,"158":0,"162":1,"163":0,"164":0,"165":0,"166":0,"169":0,"170":0,"173":0,"174":0,"175":0,"179":0,"181":0,"184":1}},"/home/travis/build/npmtest/node-npmtest-decompress-zip/node_modules/decompress-zip/lib/file-details.js":{"path":"/home/travis/build/npmtest/node-npmtest-decompress-zip/node_modules/decompress-zip/lib/file-details.js","s":{"1":1,"2":1,"3":0,"4":0,"5":0,"6":0,"7":0,"8":0,"9":0,"10":0,"11":0,"12":0,"13":0,"14":0,"15":0,"16":0,"17":1},"b":{},"f":{"1":0},"fnMap":{"1":{"name":"(anonymous_1)","line":4,"loc":{"start":{"line":4,"column":18},"end":{"line":4,"column":44}}}},"statementMap":{"1":{"start":{"line":2,"column":0},"end":{"line":2,"column":27}},"2":{"start":{"line":4,"column":0},"end":{"line":35,"column":2}},"3":{"start":{"line":7,"column":4},"end":{"line":7,"column":21}},"4":{"start":{"line":8,"column":4},"end":{"line":8,"column":22}},"5":{"start":{"line":10,"column":4},"end":{"line":10,"column":56}},"6":{"start":{"line":11,"column":4},"end":{"line":11,"column":59}},"7":{"start":{"line":12,"column":4},"end":{"line":12,"column":56}},"8":{"start":{"line":14,"column":4},"end":{"line":14,"column":51}},"9":{"start":{"line":15,"column":4},"end":{"line":15,"column":51}},"10":{"start":{"line":16,"column":4},"end":{"line":16,"column":62}},"11":{"start":{"line":17,"column":4},"end":{"line":17,"column":48}},"12":{"start":{"line":18,"column":4},"end":{"line":18,"column":38}},"13":{"start":{"line":19,"column":4},"end":{"line":19,"column":56}},"14":{"start":{"line":20,"column":4},"end":{"line":20,"column":60}},"15":{"start":{"line":21,"column":4},"end":{"line":21,"column":46}},"16":{"start":{"line":23,"column":4},"end":{"line":33,"column":6}},"17":{"start":{"line":37,"column":0},"end":{"line":37,"column":29}}},"branchMap":{},"code":["// Objects with this prototype are used as the public representation of a file","var path = require('path');","","var FileDetails = function (directoryEntry) {","    // TODO: Add 'extra field' support","","    this._offset = 0;","    this._maxSize = 0;","","    this.parent = path.dirname(directoryEntry.fileName);","    this.filename = path.basename(directoryEntry.fileName);","    this.path = path.normalize(directoryEntry.fileName);","","    this.type = directoryEntry.fileAttributes.type;","    this.mode = directoryEntry.fileAttributes.mode;","    this.compressionMethod = directoryEntry.compressionMethod;","    this.modified = directoryEntry.modifiedTime;","    this.crc32 = directoryEntry.crc32;","    this.compressedSize = directoryEntry.compressedSize;","    this.uncompressedSize = directoryEntry.uncompressedSize;","    this.comment = directoryEntry.fileComment;","","    this.flags = {","        encrypted: directoryEntry.generalPurposeFlags.encrypted,","        compressionFlag1: directoryEntry.generalPurposeFlags.compressionFlag1,","        compressionFlag2: directoryEntry.generalPurposeFlags.compressionFlag2,","        useDataDescriptor: directoryEntry.generalPurposeFlags.useDataDescriptor,","        enhancedDeflating: directoryEntry.generalPurposeFlags.enhancedDeflating,","        compressedPatched: directoryEntry.generalPurposeFlags.compressedPatched,","        strongEncryption: directoryEntry.generalPurposeFlags.strongEncryption,","        utf8: directoryEntry.generalPurposeFlags.utf8,","        encryptedCD: directoryEntry.generalPurposeFlags.encryptedCD","    };","","};","","module.exports = FileDetails;",""],"l":{"2":1,"4":1,"7":0,"8":0,"10":0,"11":0,"12":0,"14":0,"15":0,"16":0,"17":0,"18":0,"19":0,"20":0,"21":0,"23":0,"37":1}}}